<?xml version="1.0" encoding="UTF-8"?>
<coverage generated="1772926353567" clover="3.2.0">
  <project timestamp="1772926353567" name="All files">
    <metrics statements="176" coveredstatements="146" conditionals="104" coveredconditionals="77" methods="43" coveredmethods="39" elements="323" coveredelements="262" complexity="0" loc="176" ncloc="176" packages="2" files="3" classes="3"/>
    <package name="pages">
      <metrics statements="142" coveredstatements="112" conditionals="99" coveredconditionals="73" methods="38" coveredmethods="34"/>
      <file name="ConstraintFormPage.tsx" path="/Users/amitmac/Projects/ShiftScheduler/frontend/src/pages/ConstraintFormPage.tsx">
        <metrics statements="65" coveredstatements="54" conditionals="47" coveredconditionals="37" methods="18" coveredmethods="15"/>
        <line num="6" count="1" type="stmt"/>
        <line num="12" count="1" type="stmt"/>
        <line num="23" count="21" type="stmt"/>
        <line num="24" count="21" type="stmt"/>
        <line num="25" count="21" type="stmt"/>
        <line num="26" count="21" type="stmt"/>
        <line num="27" count="21" type="stmt"/>
        <line num="28" count="21" type="stmt"/>
        <line num="30" count="21" type="stmt"/>
        <line num="32" count="5" type="stmt"/>
        <line num="33" count="5" type="stmt"/>
        <line num="35" count="0" type="stmt"/>
        <line num="39" count="21" type="stmt"/>
        <line num="40" count="5" type="stmt"/>
        <line num="43" count="21" type="stmt"/>
        <line num="44" count="5" type="stmt"/>
        <line num="45" count="5" type="stmt"/>
        <line num="46" count="5" type="stmt"/>
        <line num="47" count="5" type="cond" truecount="2" falsecount="0"/>
        <line num="48" count="1" type="stmt"/>
        <line num="53" count="1" type="stmt"/>
        <line num="55" count="4" type="stmt"/>
        <line num="56" count="4" type="stmt"/>
        <line num="59" count="0" type="stmt"/>
        <line num="60" count="0" type="stmt"/>
        <line num="62" count="5" type="stmt"/>
        <line num="66" count="21" type="stmt"/>
        <line num="67" count="0" type="cond" truecount="0" falsecount="2"/>
        <line num="68" count="0" type="stmt"/>
        <line num="69" count="0" type="stmt"/>
        <line num="73" count="21" type="stmt"/>
        <line num="74" count="0" type="cond" truecount="0" falsecount="2"/>
        <line num="75" count="0" type="stmt"/>
        <line num="76" count="0" type="stmt"/>
        <line num="80" count="21" type="stmt"/>
        <line num="81" count="4" type="cond" truecount="3" falsecount="1"/>
        <line num="83" count="4" type="stmt"/>
        <line num="84" count="4" type="cond" truecount="2" falsecount="0"/>
        <line num="85" count="4" type="cond" truecount="2" falsecount="0"/>
        <line num="87" count="1" type="stmt"/>
        <line num="90" count="3" type="stmt"/>
        <line num="95" count="21" type="stmt"/>
        <line num="96" count="336" type="cond" truecount="3" falsecount="0"/>
        <line num="99" count="21" type="stmt"/>
        <line num="100" count="1" type="stmt"/>
        <line num="101" count="1" type="cond" truecount="3" falsecount="1"/>
        <line num="103" count="1" type="stmt"/>
        <line num="104" count="1" type="stmt"/>
        <line num="105" count="1" type="stmt"/>
        <line num="106" count="1" type="stmt"/>
        <line num="108" count="1" type="stmt"/>
        <line num="113" count="1" type="stmt"/>
        <line num="115" count="0" type="stmt"/>
        <line num="116" count="0" type="stmt"/>
        <line num="121" count="1" type="stmt"/>
        <line num="125" count="21" type="stmt"/>
        <line num="126" count="21" type="cond" truecount="2" falsecount="0"/>
        <line num="128" count="21" type="stmt"/>
        <line num="188" count="112" type="stmt"/>
        <line num="189" count="112" type="stmt"/>
        <line num="190" count="112" type="stmt"/>
        <line num="192" count="112" type="stmt"/>
        <line num="201" count="336" type="stmt"/>
        <line num="202" count="336" type="stmt"/>
        <line num="214" count="4" type="stmt"/>
      </file>
      <file name="ManagerConstraintsPage.tsx" path="/Users/amitmac/Projects/ShiftScheduler/frontend/src/pages/ManagerConstraintsPage.tsx">
        <metrics statements="77" coveredstatements="58" conditionals="52" coveredconditionals="36" methods="20" coveredmethods="19"/>
        <line num="6" count="1" type="stmt"/>
        <line num="41" count="30" type="stmt"/>
        <line num="42" count="30" type="stmt"/>
        <line num="43" count="30" type="stmt"/>
        <line num="44" count="30" type="stmt"/>
        <line num="45" count="30" type="stmt"/>
        <line num="46" count="30" type="stmt"/>
        <line num="48" count="30" type="stmt"/>
        <line num="49" count="9" type="stmt"/>
        <line num="50" count="9" type="stmt"/>
        <line num="52" count="0" type="stmt"/>
        <line num="56" count="30" type="stmt"/>
        <line num="57" count="9" type="stmt"/>
        <line num="60" count="30" type="stmt"/>
        <line num="61" count="9" type="stmt"/>
        <line num="62" count="9" type="stmt"/>
        <line num="63" count="9" type="stmt"/>
        <line num="64" count="9" type="stmt"/>
        <line num="69" count="9" type="cond" truecount="1" falsecount="1"/>
        <line num="71" count="9" type="cond" truecount="3" falsecount="0"/>
        <line num="75" count="9" type="cond" truecount="1" falsecount="1"/>
        <line num="76" count="25" type="stmt"/>
        <line num="79" count="9" type="stmt"/>
        <line num="80" count="9" type="stmt"/>
        <line num="81" count="9" type="stmt"/>
        <line num="84" count="9" type="stmt"/>
        <line num="85" count="25" type="stmt"/>
        <line num="86" count="25" type="stmt"/>
        <line num="94" count="9" type="stmt"/>
        <line num="96" count="0" type="stmt"/>
        <line num="97" count="0" type="stmt"/>
        <line num="99" count="9" type="stmt"/>
        <line num="103" count="30" type="stmt"/>
        <line num="104" count="1" type="cond" truecount="1" falsecount="1"/>
        <line num="105" count="1" type="stmt"/>
        <line num="106" count="1" type="stmt"/>
        <line num="110" count="30" type="stmt"/>
        <line num="111" count="1" type="cond" truecount="1" falsecount="1"/>
        <line num="112" count="1" type="stmt"/>
        <line num="113" count="1" type="stmt"/>
        <line num="117" count="30" type="stmt"/>
        <line num="118" count="1" type="cond" truecount="1" falsecount="1"/>
        <line num="119" count="0" type="stmt"/>
        <line num="122" count="1" type="stmt"/>
        <line num="123" count="1" type="stmt"/>
        <line num="124" count="1" type="stmt"/>
        <line num="125" count="1" type="cond" truecount="1" falsecount="1"/>
        <line num="126" count="1" type="stmt"/>
        <line num="127" count="3" type="stmt"/>
        <line num="130" count="0" type="stmt"/>
        <line num="131" count="0" type="stmt"/>
        <line num="133" count="1" type="stmt"/>
        <line num="137" count="30" type="stmt"/>
        <line num="138" count="259" type="stmt"/>
        <line num="139" count="84" type="cond" truecount="2" falsecount="0"/>
        <line num="142" count="259" type="cond" truecount="1" falsecount="1"/>
        <line num="143" count="259" type="stmt"/>
        <line num="146" count="0" type="stmt"/>
        <line num="149" count="0" type="stmt"/>
        <line num="150" count="0" type="stmt"/>
        <line num="152" count="0" type="cond" truecount="0" falsecount="2"/>
        <line num="153" count="0" type="stmt"/>
        <line num="154" count="0" type="stmt"/>
        <line num="155" count="0" type="cond" truecount="0" falsecount="2"/>
        <line num="156" count="0" type="stmt"/>
        <line num="157" count="0" type="stmt"/>
        <line num="158" count="0" type="cond" truecount="0" falsecount="2"/>
        <line num="159" count="0" type="stmt"/>
        <line num="160" count="0" type="stmt"/>
        <line num="163" count="0" type="stmt"/>
        <line num="173" count="30" type="stmt"/>
        <line num="174" count="40" type="cond" truecount="2" falsecount="0"/>
        <line num="176" count="30" type="stmt"/>
        <line num="240" count="154" type="stmt"/>
        <line num="260" count="37" type="stmt"/>
        <line num="272" count="259" type="stmt"/>
        <line num="273" count="259" type="stmt"/>
      </file>
    </package>
    <package name="utils">
      <metrics statements="34" coveredstatements="34" conditionals="5" coveredconditionals="4" methods="5" coveredmethods="5"/>
      <file name="weekUtils.ts" path="/Users/amitmac/Projects/ShiftScheduler/frontend/src/utils/weekUtils.ts">
        <metrics statements="34" coveredstatements="34" conditionals="5" coveredconditionals="4" methods="5" coveredmethods="5"/>
        <line num="13" count="56" type="stmt"/>
        <line num="14" count="56" type="stmt"/>
        <line num="16" count="56" type="cond" truecount="2" falsecount="0"/>
        <line num="17" count="54" type="stmt"/>
        <line num="21" count="56" type="stmt"/>
        <line num="22" count="56" type="stmt"/>
        <line num="23" count="56" type="stmt"/>
        <line num="24" count="56" type="stmt"/>
        <line num="26" count="56" type="stmt"/>
        <line num="33" count="54" type="stmt"/>
        <line num="40" count="49" type="stmt"/>
        <line num="41" count="49" type="cond" truecount="1" falsecount="1"/>
        <line num="43" count="49" type="stmt"/>
        <line num="44" count="49" type="stmt"/>
        <line num="47" count="49" type="stmt"/>
        <line num="48" count="49" type="stmt"/>
        <line num="51" count="49" type="stmt"/>
        <line num="52" count="49" type="stmt"/>
        <line num="53" count="49" type="stmt"/>
        <line num="56" count="49" type="stmt"/>
        <line num="57" count="49" type="stmt"/>
        <line num="60" count="49" type="stmt"/>
        <line num="61" count="49" type="stmt"/>
        <line num="63" count="49" type="stmt"/>
        <line num="64" count="49" type="stmt"/>
        <line num="65" count="343" type="stmt"/>
        <line num="66" count="343" type="stmt"/>
        <line num="67" count="343" type="stmt"/>
        <line num="70" count="49" type="stmt"/>
        <line num="77" count="32" type="stmt"/>
        <line num="79" count="32" type="stmt"/>
        <line num="80" count="32" type="stmt"/>
        <line num="81" count="32" type="stmt"/>
        <line num="88" count="30" type="stmt"/>
      </file>
    </package>
  </project>
</coverage>
