{"/Users/amitmac/Projects/ShiftScheduler/frontend/src/pages/ConstraintFormPage.tsx": {"path":"/Users/amitmac/Projects/ShiftScheduler/frontend/src/pages/ConstraintFormPage.tsx","statementMap":{"0":{"start":{"line":6,"column":15},"end":{"line":10,"column":null}},"1":{"start":{"line":12,"column":20},"end":{"line":14,"column":null}},"2":{"start":{"line":23,"column":28},"end":{"line":23,"column":null}},"3":{"start":{"line":24,"column":26},"end":{"line":24,"column":null}},"4":{"start":{"line":25,"column":38},"end":{"line":25,"column":null}},"5":{"start":{"line":26,"column":32},"end":{"line":26,"column":null}},"6":{"start":{"line":27,"column":34},"end":{"line":27,"column":null}},"7":{"start":{"line":28,"column":30},"end":{"line":28,"column":null}},"8":{"start":{"line":30,"column":4},"end":{"line":37,"column":null}},"9":{"start":{"line":32,"column":8},"end":{"line":36,"column":null}},"10":{"start":{"line":33,"column":12},"end":{"line":33,"column":null}},"11":{"start":{"line":35,"column":12},"end":{"line":35,"column":null}},"12":{"start":{"line":39,"column":4},"end":{"line":41,"column":null}},"13":{"start":{"line":40,"column":8},"end":{"line":40,"column":null}},"14":{"start":{"line":43,"column":31},"end":{"line":64,"column":null}},"15":{"start":{"line":44,"column":8},"end":{"line":44,"column":null}},"16":{"start":{"line":45,"column":8},"end":{"line":63,"column":null}},"17":{"start":{"line":46,"column":24},"end":{"line":46,"column":null}},"18":{"start":{"line":47,"column":12},"end":{"line":57,"column":null}},"19":{"start":{"line":48,"column":16},"end":{"line":52,"column":null}},"20":{"start":{"line":48,"column":74},"end":{"line":52,"column":18}},"21":{"start":{"line":53,"column":16},"end":{"line":53,"column":null}},"22":{"start":{"line":55,"column":16},"end":{"line":55,"column":null}},"23":{"start":{"line":56,"column":16},"end":{"line":56,"column":null}},"24":{"start":{"line":59,"column":12},"end":{"line":59,"column":null}},"25":{"start":{"line":60,"column":12},"end":{"line":60,"column":null}},"26":{"start":{"line":62,"column":12},"end":{"line":62,"column":null}},"27":{"start":{"line":66,"column":27},"end":{"line":71,"column":null}},"28":{"start":{"line":67,"column":8},"end":{"line":70,"column":null}},"29":{"start":{"line":68,"column":31},"end":{"line":68,"column":null}},"30":{"start":{"line":69,"column":12},"end":{"line":69,"column":null}},"31":{"start":{"line":73,"column":27},"end":{"line":78,"column":null}},"32":{"start":{"line":74,"column":8},"end":{"line":77,"column":null}},"33":{"start":{"line":75,"column":31},"end":{"line":75,"column":null}},"34":{"start":{"line":76,"column":12},"end":{"line":76,"column":null}},"35":{"start":{"line":80,"column":25},"end":{"line":93,"column":null}},"36":{"start":{"line":81,"column":8},"end":{"line":81,"column":null}},"37":{"start":{"line":81,"column":50},"end":{"line":81,"column":null}},"38":{"start":{"line":83,"column":8},"end":{"line":92,"column":null}},"39":{"start":{"line":84,"column":32},"end":{"line":84,"column":null}},"40":{"start":{"line":84,"column":52},"end":{"line":84,"column":93}},"41":{"start":{"line":85,"column":12},"end":{"line":91,"column":null}},"42":{"start":{"line":87,"column":16},"end":{"line":87,"column":null}},"43":{"start":{"line":87,"column":45},"end":{"line":87,"column":62}},"44":{"start":{"line":90,"column":16},"end":{"line":90,"column":null}},"45":{"start":{"line":95,"column":22},"end":{"line":97,"column":null}},"46":{"start":{"line":96,"column":8},"end":{"line":96,"column":null}},"47":{"start":{"line":96,"column":37},"end":{"line":96,"column":92}},"48":{"start":{"line":99,"column":25},"end":{"line":123,"column":null}},"49":{"start":{"line":100,"column":8},"end":{"line":100,"column":null}},"50":{"start":{"line":101,"column":8},"end":{"line":101,"column":null}},"51":{"start":{"line":101,"column":50},"end":{"line":101,"column":null}},"52":{"start":{"line":103,"column":8},"end":{"line":103,"column":null}},"53":{"start":{"line":104,"column":8},"end":{"line":104,"column":null}},"54":{"start":{"line":105,"column":8},"end":{"line":122,"column":null}},"55":{"start":{"line":106,"column":12},"end":{"line":112,"column":null}},"56":{"start":{"line":108,"column":51},"end":{"line":111,"column":18}},"57":{"start":{"line":113,"column":12},"end":{"line":113,"column":null}},"58":{"start":{"line":115,"column":12},"end":{"line":115,"column":null}},"59":{"start":{"line":116,"column":12},"end":{"line":119,"column":null}},"60":{"start":{"line":121,"column":12},"end":{"line":121,"column":null}},"61":{"start":{"line":125,"column":10},"end":{"line":125,"column":null}},"62":{"start":{"line":126,"column":21},"end":{"line":126,"column":null}},"63":{"start":{"line":128,"column":4},"end":{"line":240,"column":null}},"64":{"start":{"line":188,"column":44},"end":{"line":188,"column":null}},"65":{"start":{"line":189,"column":44},"end":{"line":189,"column":null}},"66":{"start":{"line":190,"column":46},"end":{"line":190,"column":null}},"67":{"start":{"line":192,"column":28},"end":{"line":224,"column":null}},"68":{"start":{"line":201,"column":60},"end":{"line":201,"column":null}},"69":{"start":{"line":202,"column":44},"end":{"line":220,"column":null}},"70":{"start":{"line":214,"column":72},"end":{"line":214,"column":null}}},"fnMap":{"0":{"name":"ConstraintFormPage","decl":{"start":{"line":22,"column":24},"end":{"line":22,"column":45}},"loc":{"start":{"line":22,"column":45},"end":{"line":242,"column":null}},"line":22},"1":{"name":"(anonymous_1)","decl":{"start":{"line":30,"column":14},"end":{"line":30,"column":20}},"loc":{"start":{"line":30,"column":20},"end":{"line":37,"column":7}},"line":30},"2":{"name":"(anonymous_2)","decl":{"start":{"line":39,"column":14},"end":{"line":39,"column":20}},"loc":{"start":{"line":39,"column":20},"end":{"line":41,"column":7}},"line":39},"3":{"name":"(anonymous_3)","decl":{"start":{"line":43,"column":31},"end":{"line":43,"column":43}},"loc":{"start":{"line":43,"column":43},"end":{"line":64,"column":null}},"line":43},"4":{"name":"(anonymous_4)","decl":{"start":{"line":48,"column":61},"end":{"line":48,"column":62}},"loc":{"start":{"line":48,"column":74},"end":{"line":52,"column":18}},"line":48},"5":{"name":"(anonymous_5)","decl":{"start":{"line":66,"column":27},"end":{"line":66,"column":33}},"loc":{"start":{"line":66,"column":33},"end":{"line":71,"column":null}},"line":66},"6":{"name":"(anonymous_6)","decl":{"start":{"line":73,"column":27},"end":{"line":73,"column":33}},"loc":{"start":{"line":73,"column":33},"end":{"line":78,"column":null}},"line":73},"7":{"name":"(anonymous_7)","decl":{"start":{"line":80,"column":25},"end":{"line":80,"column":26}},"loc":{"start":{"line":80,"column":63},"end":{"line":93,"column":null}},"line":80},"8":{"name":"(anonymous_8)","decl":{"start":{"line":83,"column":23},"end":{"line":83,"column":31}},"loc":{"start":{"line":83,"column":31},"end":{"line":92,"column":9}},"line":83},"9":{"name":"(anonymous_9)","decl":{"start":{"line":84,"column":47},"end":{"line":84,"column":52}},"loc":{"start":{"line":84,"column":52},"end":{"line":84,"column":93}},"line":84},"10":{"name":"(anonymous_10)","decl":{"start":{"line":87,"column":35},"end":{"line":87,"column":36}},"loc":{"start":{"line":87,"column":45},"end":{"line":87,"column":62}},"line":87},"11":{"name":"(anonymous_11)","decl":{"start":{"line":95,"column":22},"end":{"line":95,"column":23}},"loc":{"start":{"line":95,"column":60},"end":{"line":97,"column":null}},"line":95},"12":{"name":"(anonymous_12)","decl":{"start":{"line":96,"column":32},"end":{"line":96,"column":37}},"loc":{"start":{"line":96,"column":37},"end":{"line":96,"column":92}},"line":96},"13":{"name":"(anonymous_13)","decl":{"start":{"line":99,"column":25},"end":{"line":99,"column":32}},"loc":{"start":{"line":99,"column":55},"end":{"line":123,"column":null}},"line":99},"14":{"name":"(anonymous_14)","decl":{"start":{"line":108,"column":45},"end":{"line":108,"column":51}},"loc":{"start":{"line":108,"column":51},"end":{"line":111,"column":18}},"line":108},"15":{"name":"(anonymous_15)","decl":{"start":{"line":187,"column":35},"end":{"line":187,"column":36}},"loc":{"start":{"line":187,"column":52},"end":{"line":226,"column":25}},"line":187},"16":{"name":"(anonymous_16)","decl":{"start":{"line":200,"column":52},"end":{"line":200,"column":61}},"loc":{"start":{"line":200,"column":61},"end":{"line":222,"column":41}},"line":200},"17":{"name":"(anonymous_17)","decl":{"start":{"line":214,"column":66},"end":{"line":214,"column":72}},"loc":{"start":{"line":214,"column":72},"end":{"line":214,"column":null}},"line":214}},"branchMap":{"0":{"loc":{"start":{"line":47,"column":12},"end":{"line":57,"column":null}},"type":"if","locations":[{"start":{"line":47,"column":12},"end":{"line":57,"column":null}},{"start":{"line":54,"column":19},"end":{"line":57,"column":null}}],"line":47},"1":{"loc":{"start":{"line":67,"column":8},"end":{"line":70,"column":null}},"type":"if","locations":[{"start":{"line":67,"column":8},"end":{"line":70,"column":null}},{"start":{},"end":{}}],"line":67},"2":{"loc":{"start":{"line":74,"column":8},"end":{"line":77,"column":null}},"type":"if","locations":[{"start":{"line":74,"column":8},"end":{"line":77,"column":null}},{"start":{},"end":{}}],"line":74},"3":{"loc":{"start":{"line":81,"column":8},"end":{"line":81,"column":null}},"type":"if","locations":[{"start":{"line":81,"column":8},"end":{"line":81,"column":null}},{"start":{},"end":{}}],"line":81},"4":{"loc":{"start":{"line":81,"column":12},"end":{"line":81,"column":50}},"type":"binary-expr","locations":[{"start":{"line":81,"column":12},"end":{"line":81,"column":24}},{"start":{"line":81,"column":12},"end":{"line":81,"column":50}}],"line":81},"5":{"loc":{"start":{"line":84,"column":52},"end":{"line":84,"column":93}},"type":"binary-expr","locations":[{"start":{"line":84,"column":52},"end":{"line":84,"column":74}},{"start":{"line":84,"column":74},"end":{"line":84,"column":93}}],"line":84},"6":{"loc":{"start":{"line":85,"column":12},"end":{"line":91,"column":null}},"type":"if","locations":[{"start":{"line":85,"column":12},"end":{"line":91,"column":null}},{"start":{"line":88,"column":19},"end":{"line":91,"column":null}}],"line":85},"7":{"loc":{"start":{"line":96,"column":37},"end":{"line":96,"column":92}},"type":"binary-expr","locations":[{"start":{"line":96,"column":37},"end":{"line":96,"column":59}},{"start":{"line":96,"column":59},"end":{"line":96,"column":82}},{"start":{"line":96,"column":82},"end":{"line":96,"column":92}}],"line":96},"8":{"loc":{"start":{"line":101,"column":8},"end":{"line":101,"column":null}},"type":"if","locations":[{"start":{"line":101,"column":8},"end":{"line":101,"column":null}},{"start":{},"end":{}}],"line":101},"9":{"loc":{"start":{"line":101,"column":12},"end":{"line":101,"column":50}},"type":"binary-expr","locations":[{"start":{"line":101,"column":12},"end":{"line":101,"column":24}},{"start":{"line":101,"column":12},"end":{"line":101,"column":50}}],"line":101},"10":{"loc":{"start":{"line":117,"column":22},"end":{"line":117,"column":null}},"type":"binary-expr","locations":[{"start":{"line":117,"column":22},"end":{"line":117,"column":55}},{"start":{"line":117,"column":55},"end":{"line":117,"column":null}}],"line":117},"11":{"loc":{"start":{"line":126,"column":21},"end":{"line":126,"column":null}},"type":"binary-expr","locations":[{"start":{"line":126,"column":21},"end":{"line":126,"column":33}},{"start":{"line":126,"column":33},"end":{"line":126,"column":null}}],"line":126},"12":{"loc":{"start":{"line":160,"column":13},"end":{"line":168,"column":null}},"type":"binary-expr","locations":[{"start":{"line":160,"column":13},"end":{"line":160,"column":null}},{"start":{"line":161,"column":16},"end":{"line":168,"column":null}}],"line":160},"13":{"loc":{"start":{"line":166,"column":56},"end":{"line":166,"column":null}},"type":"cond-expr","locations":[{"start":{"line":166,"column":73},"end":{"line":166,"column":93}},{"start":{"line":166,"column":93},"end":{"line":166,"column":null}}],"line":166},"14":{"loc":{"start":{"line":171,"column":13},"end":{"line":174,"column":null}},"type":"binary-expr","locations":[{"start":{"line":171,"column":13},"end":{"line":171,"column":null}},{"start":{"line":172,"column":16},"end":{"line":174,"column":null}}],"line":171},"15":{"loc":{"start":{"line":172,"column":57},"end":{"line":172,"column":173}},"type":"cond-expr","locations":[{"start":{"line":172,"column":86},"end":{"line":172,"column":134}},{"start":{"line":172,"column":134},"end":{"line":172,"column":173}}],"line":172},"16":{"loc":{"start":{"line":177,"column":13},"end":{"line":238,"column":null}},"type":"cond-expr","locations":[{"start":{"line":178,"column":16},"end":{"line":178,"column":null}},{"start":{"line":180,"column":16},"end":{"line":238,"column":null}}],"line":177},"17":{"loc":{"start":{"line":177,"column":13},"end":{"line":177,"column":null}},"type":"binary-expr","locations":[{"start":{"line":177,"column":13},"end":{"line":177,"column":26}},{"start":{"line":177,"column":26},"end":{"line":177,"column":null}}],"line":177},"18":{"loc":{"start":{"line":205,"column":162},"end":{"line":207,"column":null}},"type":"cond-expr","locations":[{"start":{"line":206,"column":58},"end":{"line":206,"column":null}},{"start":{"line":207,"column":58},"end":{"line":207,"column":null}}],"line":205},"19":{"loc":{"start":{"line":208,"column":60},"end":{"line":208,"column":107}},"type":"cond-expr","locations":[{"start":{"line":208,"column":71},"end":{"line":208,"column":105}},{"start":{"line":208,"column":105},"end":{"line":208,"column":107}}],"line":208},"20":{"loc":{"start":{"line":217,"column":72},"end":{"line":217,"column":130}},"type":"cond-expr","locations":[{"start":{"line":217,"column":82},"end":{"line":217,"column":114}},{"start":{"line":217,"column":114},"end":{"line":217,"column":130}}],"line":217},"21":{"loc":{"start":{"line":232,"column":38},"end":{"line":232,"column":null}},"type":"binary-expr","locations":[{"start":{"line":232,"column":38},"end":{"line":232,"column":51}},{"start":{"line":232,"column":51},"end":{"line":232,"column":null}}],"line":232},"22":{"loc":{"start":{"line":235,"column":29},"end":{"line":235,"column":null}},"type":"cond-expr","locations":[{"start":{"line":235,"column":41},"end":{"line":235,"column":53}},{"start":{"line":235,"column":53},"end":{"line":235,"column":null}}],"line":235}},"s":{"0":1,"1":1,"2":21,"3":21,"4":21,"5":21,"6":21,"7":21,"8":21,"9":5,"10":5,"11":0,"12":21,"13":5,"14":21,"15":5,"16":5,"17":5,"18":5,"19":1,"20":0,"21":1,"22":4,"23":4,"24":0,"25":0,"26":5,"27":21,"28":0,"29":0,"30":0,"31":21,"32":0,"33":0,"34":0,"35":21,"36":4,"37":0,"38":4,"39":4,"40":1,"41":4,"42":1,"43":1,"44":3,"45":21,"46":336,"47":105,"48":21,"49":1,"50":1,"51":0,"52":1,"53":1,"54":1,"55":1,"56":1,"57":1,"58":0,"59":0,"60":1,"61":21,"62":21,"63":21,"64":112,"65":112,"66":112,"67":112,"68":336,"69":336,"70":4},"f":{"0":21,"1":5,"2":5,"3":5,"4":0,"5":0,"6":0,"7":4,"8":4,"9":1,"10":1,"11":336,"12":105,"13":1,"14":1,"15":112,"16":336,"17":4},"b":{"0":[1,4],"1":[0,0],"2":[0,0],"3":[0,4],"4":[4,4],"5":[1,1],"6":[1,3],"7":[105,15,5],"8":[0,1],"9":[1,1],"10":[0,0],"11":[21,20],"12":[21,1],"13":[0,1],"14":[21,1],"15":[1,0],"16":[5,16],"17":[21,11],"18":[5,331],"19":[21,315],"20":[5,331],"21":[16,10],"22":[6,10]},"meta":{"lastBranch":23,"lastFunction":18,"lastStatement":71,"seen":{"s:6:15:10:Infinity":0,"s:12:20:14:Infinity":1,"f:22:24:22:45":0,"s:23:28:23:Infinity":2,"s:24:26:24:Infinity":3,"s:25:38:25:Infinity":4,"s:26:32:26:Infinity":5,"s:27:34:27:Infinity":6,"s:28:30:28:Infinity":7,"s:30:4:37:Infinity":8,"f:30:14:30:20":1,"s:32:8:36:Infinity":9,"s:33:12:33:Infinity":10,"s:35:12:35:Infinity":11,"s:39:4:41:Infinity":12,"f:39:14:39:20":2,"s:40:8:40:Infinity":13,"s:43:31:64:Infinity":14,"f:43:31:43:43":3,"s:44:8:44:Infinity":15,"s:45:8:63:Infinity":16,"s:46:24:46:Infinity":17,"b:47:12:57:Infinity:54:19:57:Infinity":0,"s:47:12:57:Infinity":18,"s:48:16:52:Infinity":19,"f:48:61:48:62":4,"s:48:74:52:18":20,"s:53:16:53:Infinity":21,"s:55:16:55:Infinity":22,"s:56:16:56:Infinity":23,"s:59:12:59:Infinity":24,"s:60:12:60:Infinity":25,"s:62:12:62:Infinity":26,"s:66:27:71:Infinity":27,"f:66:27:66:33":5,"b:67:8:70:Infinity:undefined:undefined:undefined:undefined":1,"s:67:8:70:Infinity":28,"s:68:31:68:Infinity":29,"s:69:12:69:Infinity":30,"s:73:27:78:Infinity":31,"f:73:27:73:33":6,"b:74:8:77:Infinity:undefined:undefined:undefined:undefined":2,"s:74:8:77:Infinity":32,"s:75:31:75:Infinity":33,"s:76:12:76:Infinity":34,"s:80:25:93:Infinity":35,"f:80:25:80:26":7,"b:81:8:81:Infinity:undefined:undefined:undefined:undefined":3,"s:81:8:81:Infinity":36,"b:81:12:81:24:81:12:81:50":4,"s:81:50:81:Infinity":37,"s:83:8:92:Infinity":38,"f:83:23:83:31":8,"s:84:32:84:Infinity":39,"f:84:47:84:52":9,"s:84:52:84:93":40,"b:84:52:84:74:84:74:84:93":5,"b:85:12:91:Infinity:88:19:91:Infinity":6,"s:85:12:91:Infinity":41,"s:87:16:87:Infinity":42,"f:87:35:87:36":10,"s:87:45:87:62":43,"s:90:16:90:Infinity":44,"s:95:22:97:Infinity":45,"f:95:22:95:23":11,"s:96:8:96:Infinity":46,"f:96:32:96:37":12,"s:96:37:96:92":47,"b:96:37:96:59:96:59:96:82:96:82:96:92":7,"s:99:25:123:Infinity":48,"f:99:25:99:32":13,"s:100:8:100:Infinity":49,"b:101:8:101:Infinity:undefined:undefined:undefined:undefined":8,"s:101:8:101:Infinity":50,"b:101:12:101:24:101:12:101:50":9,"s:101:50:101:Infinity":51,"s:103:8:103:Infinity":52,"s:104:8:104:Infinity":53,"s:105:8:122:Infinity":54,"s:106:12:112:Infinity":55,"f:108:45:108:51":14,"s:108:51:111:18":56,"s:113:12:113:Infinity":57,"s:115:12:115:Infinity":58,"s:116:12:119:Infinity":59,"b:117:22:117:55:117:55:117:Infinity":10,"s:121:12:121:Infinity":60,"s:125:10:125:Infinity":61,"s:126:21:126:Infinity":62,"b:126:21:126:33:126:33:126:Infinity":11,"s:128:4:240:Infinity":63,"b:160:13:160:Infinity:161:16:168:Infinity":12,"b:166:73:166:93:166:93:166:Infinity":13,"b:171:13:171:Infinity:172:16:174:Infinity":14,"b:172:86:172:134:172:134:172:173":15,"b:178:16:178:Infinity:180:16:238:Infinity":16,"b:177:13:177:26:177:26:177:Infinity":17,"f:187:35:187:36":15,"s:188:44:188:Infinity":64,"s:189:44:189:Infinity":65,"s:190:46:190:Infinity":66,"s:192:28:224:Infinity":67,"f:200:52:200:61":16,"s:201:60:201:Infinity":68,"s:202:44:220:Infinity":69,"b:206:58:206:Infinity:207:58:207:Infinity":18,"b:208:71:208:105:208:105:208:107":19,"f:214:66:214:72":17,"s:214:72:214:Infinity":70,"b:217:82:217:114:217:114:217:130":20,"b:232:38:232:51:232:51:232:Infinity":21,"b:235:41:235:53:235:53:235:Infinity":22}}}
,"/Users/amitmac/Projects/ShiftScheduler/frontend/src/pages/ManagerConstraintsPage.tsx": {"path":"/Users/amitmac/Projects/ShiftScheduler/frontend/src/pages/ManagerConstraintsPage.tsx","statementMap":{"0":{"start":{"line":6,"column":20},"end":{"line":8,"column":null}},"1":{"start":{"line":41,"column":28},"end":{"line":41,"column":null}},"2":{"start":{"line":42,"column":26},"end":{"line":42,"column":null}},"3":{"start":{"line":43,"column":38},"end":{"line":43,"column":null}},"4":{"start":{"line":44,"column":34},"end":{"line":44,"column":null}},"5":{"start":{"line":45,"column":34},"end":{"line":45,"column":null}},"6":{"start":{"line":46,"column":30},"end":{"line":46,"column":null}},"7":{"start":{"line":48,"column":4},"end":{"line":54,"column":null}},"8":{"start":{"line":49,"column":8},"end":{"line":53,"column":null}},"9":{"start":{"line":50,"column":12},"end":{"line":50,"column":null}},"10":{"start":{"line":52,"column":12},"end":{"line":52,"column":null}},"11":{"start":{"line":56,"column":4},"end":{"line":58,"column":null}},"12":{"start":{"line":57,"column":8},"end":{"line":57,"column":null}},"13":{"start":{"line":60,"column":33},"end":{"line":101,"column":null}},"14":{"start":{"line":61,"column":8},"end":{"line":61,"column":null}},"15":{"start":{"line":62,"column":8},"end":{"line":62,"column":null}},"16":{"start":{"line":63,"column":8},"end":{"line":100,"column":null}},"17":{"start":{"line":64,"column":47},"end":{"line":67,"column":null}},"18":{"start":{"line":69,"column":59},"end":{"line":73,"column":null}},"19":{"start":{"line":71,"column":47},"end":{"line":71,"column":null}},"20":{"start":{"line":75,"column":46},"end":{"line":77,"column":null}},"21":{"start":{"line":76,"column":63},"end":{"line":76,"column":83}},"22":{"start":{"line":79,"column":34},"end":{"line":79,"column":null}},"23":{"start":{"line":80,"column":12},"end":{"line":82,"column":null}},"24":{"start":{"line":81,"column":16},"end":{"line":81,"column":null}},"25":{"start":{"line":84,"column":39},"end":{"line":92,"column":null}},"26":{"start":{"line":85,"column":27},"end":{"line":85,"column":null}},"27":{"start":{"line":86,"column":16},"end":{"line":91,"column":null}},"28":{"start":{"line":94,"column":12},"end":{"line":94,"column":null}},"29":{"start":{"line":96,"column":12},"end":{"line":96,"column":null}},"30":{"start":{"line":97,"column":12},"end":{"line":97,"column":null}},"31":{"start":{"line":99,"column":12},"end":{"line":99,"column":null}},"32":{"start":{"line":103,"column":27},"end":{"line":108,"column":null}},"33":{"start":{"line":104,"column":8},"end":{"line":107,"column":null}},"34":{"start":{"line":105,"column":31},"end":{"line":105,"column":null}},"35":{"start":{"line":106,"column":12},"end":{"line":106,"column":null}},"36":{"start":{"line":110,"column":27},"end":{"line":115,"column":null}},"37":{"start":{"line":111,"column":8},"end":{"line":114,"column":null}},"38":{"start":{"line":112,"column":31},"end":{"line":112,"column":null}},"39":{"start":{"line":113,"column":12},"end":{"line":113,"column":null}},"40":{"start":{"line":117,"column":23},"end":{"line":135,"column":null}},"41":{"start":{"line":118,"column":8},"end":{"line":120,"column":null}},"42":{"start":{"line":119,"column":12},"end":{"line":119,"column":null}},"43":{"start":{"line":122,"column":8},"end":{"line":122,"column":null}},"44":{"start":{"line":123,"column":8},"end":{"line":134,"column":null}},"45":{"start":{"line":124,"column":24},"end":{"line":124,"column":null}},"46":{"start":{"line":125,"column":12},"end":{"line":128,"column":null}},"47":{"start":{"line":126,"column":16},"end":{"line":126,"column":null}},"48":{"start":{"line":127,"column":16},"end":{"line":127,"column":null}},"49":{"start":{"line":127,"column":39},"end":{"line":127,"column":84}},"50":{"start":{"line":127,"column":56},"end":{"line":127,"column":83}},"51":{"start":{"line":130,"column":12},"end":{"line":130,"column":null}},"52":{"start":{"line":131,"column":12},"end":{"line":131,"column":null}},"53":{"start":{"line":133,"column":12},"end":{"line":133,"column":null}},"54":{"start":{"line":137,"column":29},"end":{"line":171,"column":null}},"55":{"start":{"line":138,"column":31},"end":{"line":140,"column":null}},"56":{"start":{"line":139,"column":17},"end":{"line":139,"column":null}},"57":{"start":{"line":142,"column":8},"end":{"line":144,"column":null}},"58":{"start":{"line":143,"column":12},"end":{"line":143,"column":null}},"59":{"start":{"line":146,"column":8},"end":{"line":169,"column":null}},"60":{"start":{"line":149,"column":37},"end":{"line":149,"column":null}},"61":{"start":{"line":150,"column":32},"end":{"line":150,"column":null}},"62":{"start":{"line":152,"column":20},"end":{"line":161,"column":null}},"63":{"start":{"line":153,"column":24},"end":{"line":153,"column":null}},"64":{"start":{"line":154,"column":24},"end":{"line":154,"column":null}},"65":{"start":{"line":155,"column":20},"end":{"line":161,"column":null}},"66":{"start":{"line":156,"column":24},"end":{"line":156,"column":null}},"67":{"start":{"line":157,"column":24},"end":{"line":157,"column":null}},"68":{"start":{"line":158,"column":20},"end":{"line":161,"column":null}},"69":{"start":{"line":159,"column":24},"end":{"line":159,"column":null}},"70":{"start":{"line":160,"column":24},"end":{"line":160,"column":null}},"71":{"start":{"line":163,"column":20},"end":{"line":166,"column":null}},"72":{"start":{"line":173,"column":30},"end":{"line":173,"column":null}},"73":{"start":{"line":173,"column":52},"end":{"line":173,"column":76}},"74":{"start":{"line":174,"column":32},"end":{"line":174,"column":null}},"75":{"start":{"line":174,"column":75},"end":{"line":174,"column":85}},"76":{"start":{"line":176,"column":4},"end":{"line":288,"column":null}},"77":{"start":{"line":240,"column":36},"end":{"line":243,"column":null}},"78":{"start":{"line":260,"column":36},"end":{"line":281,"column":null}},"79":{"start":{"line":272,"column":60},"end":{"line":272,"column":null}},"80":{"start":{"line":273,"column":44},"end":{"line":278,"column":null}}},"fnMap":{"0":{"name":"ManagerConstraintsPage","decl":{"start":{"line":40,"column":24},"end":{"line":40,"column":49}},"loc":{"start":{"line":40,"column":49},"end":{"line":290,"column":null}},"line":40},"1":{"name":"(anonymous_1)","decl":{"start":{"line":48,"column":14},"end":{"line":48,"column":20}},"loc":{"start":{"line":48,"column":20},"end":{"line":54,"column":7}},"line":48},"2":{"name":"(anonymous_2)","decl":{"start":{"line":56,"column":14},"end":{"line":56,"column":20}},"loc":{"start":{"line":56,"column":20},"end":{"line":58,"column":7}},"line":56},"3":{"name":"(anonymous_3)","decl":{"start":{"line":60,"column":33},"end":{"line":60,"column":45}},"loc":{"start":{"line":60,"column":45},"end":{"line":101,"column":null}},"line":60},"4":{"name":"(anonymous_4)","decl":{"start":{"line":71,"column":20},"end":{"line":71,"column":21}},"loc":{"start":{"line":71,"column":47},"end":{"line":71,"column":null}},"line":71},"5":{"name":"(anonymous_5)","decl":{"start":{"line":76,"column":44},"end":{"line":76,"column":45}},"loc":{"start":{"line":76,"column":63},"end":{"line":76,"column":83}},"line":76},"6":{"name":"(anonymous_6)","decl":{"start":{"line":84,"column":55},"end":{"line":84,"column":60}},"loc":{"start":{"line":84,"column":60},"end":{"line":92,"column":13}},"line":84},"7":{"name":"(anonymous_7)","decl":{"start":{"line":103,"column":27},"end":{"line":103,"column":33}},"loc":{"start":{"line":103,"column":33},"end":{"line":108,"column":null}},"line":103},"8":{"name":"(anonymous_8)","decl":{"start":{"line":110,"column":27},"end":{"line":110,"column":33}},"loc":{"start":{"line":110,"column":33},"end":{"line":115,"column":null}},"line":110},"9":{"name":"(anonymous_9)","decl":{"start":{"line":117,"column":23},"end":{"line":117,"column":35}},"loc":{"start":{"line":117,"column":35},"end":{"line":135,"column":null}},"line":117},"10":{"name":"(anonymous_10)","decl":{"start":{"line":127,"column":31},"end":{"line":127,"column":39}},"loc":{"start":{"line":127,"column":39},"end":{"line":127,"column":84}},"line":127},"11":{"name":"(anonymous_11)","decl":{"start":{"line":127,"column":48},"end":{"line":127,"column":56}},"loc":{"start":{"line":127,"column":56},"end":{"line":127,"column":83}},"line":127},"12":{"name":"(anonymous_12)","decl":{"start":{"line":137,"column":29},"end":{"line":137,"column":30}},"loc":{"start":{"line":137,"column":82},"end":{"line":171,"column":null}},"line":137},"13":{"name":"(anonymous_13)","decl":{"start":{"line":139,"column":12},"end":{"line":139,"column":17}},"loc":{"start":{"line":139,"column":17},"end":{"line":139,"column":null}},"line":139},"14":{"name":"(anonymous_14)","decl":{"start":{"line":148,"column":36},"end":{"line":148,"column":37}},"loc":{"start":{"line":148,"column":46},"end":{"line":168,"column":17}},"line":148},"15":{"name":"(anonymous_15)","decl":{"start":{"line":173,"column":47},"end":{"line":173,"column":52}},"loc":{"start":{"line":173,"column":52},"end":{"line":173,"column":76}},"line":173},"16":{"name":"(anonymous_16)","decl":{"start":{"line":174,"column":70},"end":{"line":174,"column":75}},"loc":{"start":{"line":174,"column":75},"end":{"line":174,"column":85}},"line":174},"17":{"name":"(anonymous_17)","decl":{"start":{"line":239,"column":43},"end":{"line":239,"column":44}},"loc":{"start":{"line":240,"column":36},"end":{"line":243,"column":null}},"line":240},"18":{"name":"(anonymous_18)","decl":{"start":{"line":259,"column":48},"end":{"line":259,"column":49}},"loc":{"start":{"line":260,"column":36},"end":{"line":281,"column":null}},"line":260},"19":{"name":"(anonymous_19)","decl":{"start":{"line":271,"column":51},"end":{"line":271,"column":52}},"loc":{"start":{"line":271,"column":68},"end":{"line":280,"column":41}},"line":271}},"branchMap":{"0":{"loc":{"start":{"line":69,"column":59},"end":{"line":73,"column":null}},"type":"cond-expr","locations":[{"start":{"line":70,"column":18},"end":{"line":72,"column":null}},{"start":{"line":73,"column":18},"end":{"line":73,"column":null}}],"line":69},"1":{"loc":{"start":{"line":71,"column":47},"end":{"line":71,"column":null}},"type":"binary-expr","locations":[{"start":{"line":71,"column":47},"end":{"line":71,"column":59}},{"start":{"line":71,"column":59},"end":{"line":71,"column":90}},{"start":{"line":71,"column":90},"end":{"line":71,"column":null}}],"line":71},"2":{"loc":{"start":{"line":75,"column":46},"end":{"line":77,"column":null}},"type":"cond-expr","locations":[{"start":{"line":76,"column":18},"end":{"line":76,"column":null}},{"start":{"line":77,"column":18},"end":{"line":77,"column":null}}],"line":75},"3":{"loc":{"start":{"line":88,"column":26},"end":{"line":88,"column":null}},"type":"cond-expr","locations":[{"start":{"line":88,"column":31},"end":{"line":88,"column":43}},{"start":{"line":88,"column":43},"end":{"line":88,"column":null}}],"line":88},"4":{"loc":{"start":{"line":89,"column":33},"end":{"line":89,"column":null}},"type":"cond-expr","locations":[{"start":{"line":89,"column":38},"end":{"line":89,"column":55}},{"start":{"line":89,"column":55},"end":{"line":89,"column":null}}],"line":89},"5":{"loc":{"start":{"line":90,"column":30},"end":{"line":90,"column":null}},"type":"cond-expr","locations":[{"start":{"line":90,"column":35},"end":{"line":90,"column":49}},{"start":{"line":90,"column":49},"end":{"line":90,"column":null}}],"line":90},"6":{"loc":{"start":{"line":104,"column":8},"end":{"line":107,"column":null}},"type":"if","locations":[{"start":{"line":104,"column":8},"end":{"line":107,"column":null}},{"start":{},"end":{}}],"line":104},"7":{"loc":{"start":{"line":111,"column":8},"end":{"line":114,"column":null}},"type":"if","locations":[{"start":{"line":111,"column":8},"end":{"line":114,"column":null}},{"start":{},"end":{}}],"line":111},"8":{"loc":{"start":{"line":118,"column":8},"end":{"line":120,"column":null}},"type":"if","locations":[{"start":{"line":118,"column":8},"end":{"line":120,"column":null}},{"start":{},"end":{}}],"line":118},"9":{"loc":{"start":{"line":125,"column":12},"end":{"line":128,"column":null}},"type":"if","locations":[{"start":{"line":125,"column":12},"end":{"line":128,"column":null}},{"start":{},"end":{}}],"line":125},"10":{"loc":{"start":{"line":139,"column":17},"end":{"line":139,"column":null}},"type":"binary-expr","locations":[{"start":{"line":139,"column":17},"end":{"line":139,"column":91}},{"start":{"line":139,"column":91},"end":{"line":139,"column":null}}],"line":139},"11":{"loc":{"start":{"line":142,"column":8},"end":{"line":144,"column":null}},"type":"if","locations":[{"start":{"line":142,"column":8},"end":{"line":144,"column":null}},{"start":{},"end":{}}],"line":142},"12":{"loc":{"start":{"line":152,"column":20},"end":{"line":161,"column":null}},"type":"if","locations":[{"start":{"line":152,"column":20},"end":{"line":161,"column":null}},{"start":{"line":155,"column":20},"end":{"line":161,"column":null}}],"line":152},"13":{"loc":{"start":{"line":155,"column":20},"end":{"line":161,"column":null}},"type":"if","locations":[{"start":{"line":155,"column":20},"end":{"line":161,"column":null}},{"start":{"line":158,"column":20},"end":{"line":161,"column":null}}],"line":155},"14":{"loc":{"start":{"line":158,"column":20},"end":{"line":161,"column":null}},"type":"if","locations":[{"start":{"line":158,"column":20},"end":{"line":161,"column":null}},{"start":{},"end":{}}],"line":158},"15":{"loc":{"start":{"line":174,"column":32},"end":{"line":174,"column":null}},"type":"binary-expr","locations":[{"start":{"line":174,"column":32},"end":{"line":174,"column":53}},{"start":{"line":174,"column":53},"end":{"line":174,"column":null}}],"line":174},"16":{"loc":{"start":{"line":206,"column":30},"end":{"line":206,"column":null}},"type":"binary-expr","locations":[{"start":{"line":206,"column":30},"end":{"line":206,"column":43}},{"start":{"line":206,"column":43},"end":{"line":206,"column":66}},{"start":{"line":206,"column":66},"end":{"line":206,"column":null}}],"line":206},"17":{"loc":{"start":{"line":207,"column":171},"end":{"line":209,"column":null}},"type":"cond-expr","locations":[{"start":{"line":208,"column":26},"end":{"line":208,"column":null}},{"start":{"line":209,"column":26},"end":{"line":209,"column":null}}],"line":207},"18":{"loc":{"start":{"line":212,"column":21},"end":{"line":220,"column":null}},"type":"cond-expr","locations":[{"start":{"line":213,"column":24},"end":{"line":216,"column":null}},{"start":{"line":218,"column":24},"end":{"line":220,"column":null}}],"line":212},"19":{"loc":{"start":{"line":219,"column":29},"end":{"line":219,"column":null}},"type":"cond-expr","locations":[{"start":{"line":219,"column":41},"end":{"line":219,"column":53}},{"start":{"line":219,"column":53},"end":{"line":219,"column":null}}],"line":219},"20":{"loc":{"start":{"line":225,"column":13},"end":{"line":228,"column":null}},"type":"binary-expr","locations":[{"start":{"line":225,"column":13},"end":{"line":225,"column":null}},{"start":{"line":226,"column":16},"end":{"line":228,"column":null}}],"line":225},"21":{"loc":{"start":{"line":226,"column":57},"end":{"line":226,"column":173}},"type":"cond-expr","locations":[{"start":{"line":226,"column":86},"end":{"line":226,"column":134}},{"start":{"line":226,"column":134},"end":{"line":226,"column":173}}],"line":226},"22":{"loc":{"start":{"line":248,"column":29},"end":{"line":282,"column":null}},"type":"cond-expr","locations":[{"start":{"line":249,"column":32},"end":{"line":251,"column":null}},{"start":{"line":252,"column":32},"end":{"line":282,"column":null}}],"line":248},"23":{"loc":{"start":{"line":252,"column":32},"end":{"line":282,"column":null}},"type":"cond-expr","locations":[{"start":{"line":253,"column":32},"end":{"line":257,"column":null}},{"start":{"line":259,"column":32},"end":{"line":282,"column":null}}],"line":252},"24":{"loc":{"start":{"line":264,"column":49},"end":{"line":267,"column":null}},"type":"binary-expr","locations":[{"start":{"line":264,"column":49},"end":{"line":264,"column":null}},{"start":{"line":265,"column":52},"end":{"line":267,"column":null}}],"line":264}},"s":{"0":1,"1":30,"2":30,"3":30,"4":30,"5":30,"6":30,"7":30,"8":9,"9":9,"10":0,"11":30,"12":9,"13":30,"14":9,"15":9,"16":9,"17":9,"18":9,"19":9,"20":9,"21":25,"22":9,"23":9,"24":9,"25":9,"26":25,"27":25,"28":9,"29":0,"30":0,"31":9,"32":30,"33":1,"34":1,"35":1,"36":30,"37":1,"38":1,"39":1,"40":30,"41":1,"42":0,"43":1,"44":1,"45":1,"46":1,"47":1,"48":1,"49":1,"50":3,"51":0,"52":0,"53":1,"54":30,"55":259,"56":84,"57":259,"58":259,"59":0,"60":0,"61":0,"62":0,"63":0,"64":0,"65":0,"66":0,"67":0,"68":0,"69":0,"70":0,"71":0,"72":30,"73":15,"74":30,"75":40,"76":30,"77":154,"78":37,"79":259,"80":259},"f":{"0":30,"1":9,"2":9,"3":9,"4":9,"5":25,"6":25,"7":1,"8":1,"9":1,"10":1,"11":3,"12":259,"13":84,"14":0,"15":15,"16":40,"17":154,"18":37,"19":259},"b":{"0":[9,0],"1":[9,9,9],"2":[9,0],"3":[9,16],"4":[9,16],"5":[9,16],"6":[1,0],"7":[1,0],"8":[0,1],"9":[1,0],"10":[84,10],"11":[259,0],"12":[0,0],"13":[0,0],"14":[0,0],"15":[30,14],"16":[30,28,27],"17":[1,28],"18":[1,28],"19":[1,27],"20":[30,1],"21":[1,0],"22":[16,13],"23":[0,13],"24":[37,0]},"meta":{"lastBranch":25,"lastFunction":20,"lastStatement":81,"seen":{"s:6:20:8:Infinity":0,"f:40:24:40:49":0,"s:41:28:41:Infinity":1,"s:42:26:42:Infinity":2,"s:43:38:43:Infinity":3,"s:44:34:44:Infinity":4,"s:45:34:45:Infinity":5,"s:46:30:46:Infinity":6,"s:48:4:54:Infinity":7,"f:48:14:48:20":1,"s:49:8:53:Infinity":8,"s:50:12:50:Infinity":9,"s:52:12:52:Infinity":10,"s:56:4:58:Infinity":11,"f:56:14:56:20":2,"s:57:8:57:Infinity":12,"s:60:33:101:Infinity":13,"f:60:33:60:45":3,"s:61:8:61:Infinity":14,"s:62:8:62:Infinity":15,"s:63:8:100:Infinity":16,"s:64:47:67:Infinity":17,"s:69:59:73:Infinity":18,"b:70:18:72:Infinity:73:18:73:Infinity":0,"f:71:20:71:21":4,"s:71:47:71:Infinity":19,"b:71:47:71:59:71:59:71:90:71:90:71:Infinity":1,"s:75:46:77:Infinity":20,"b:76:18:76:Infinity:77:18:77:Infinity":2,"f:76:44:76:45":5,"s:76:63:76:83":21,"s:79:34:79:Infinity":22,"s:80:12:82:Infinity":23,"s:81:16:81:Infinity":24,"s:84:39:92:Infinity":25,"f:84:55:84:60":6,"s:85:27:85:Infinity":26,"s:86:16:91:Infinity":27,"b:88:31:88:43:88:43:88:Infinity":3,"b:89:38:89:55:89:55:89:Infinity":4,"b:90:35:90:49:90:49:90:Infinity":5,"s:94:12:94:Infinity":28,"s:96:12:96:Infinity":29,"s:97:12:97:Infinity":30,"s:99:12:99:Infinity":31,"s:103:27:108:Infinity":32,"f:103:27:103:33":7,"b:104:8:107:Infinity:undefined:undefined:undefined:undefined":6,"s:104:8:107:Infinity":33,"s:105:31:105:Infinity":34,"s:106:12:106:Infinity":35,"s:110:27:115:Infinity":36,"f:110:27:110:33":8,"b:111:8:114:Infinity:undefined:undefined:undefined:undefined":7,"s:111:8:114:Infinity":37,"s:112:31:112:Infinity":38,"s:113:12:113:Infinity":39,"s:117:23:135:Infinity":40,"f:117:23:117:35":9,"b:118:8:120:Infinity:undefined:undefined:undefined:undefined":8,"s:118:8:120:Infinity":41,"s:119:12:119:Infinity":42,"s:122:8:122:Infinity":43,"s:123:8:134:Infinity":44,"s:124:24:124:Infinity":45,"b:125:12:128:Infinity:undefined:undefined:undefined:undefined":9,"s:125:12:128:Infinity":46,"s:126:16:126:Infinity":47,"s:127:16:127:Infinity":48,"f:127:31:127:39":10,"s:127:39:127:84":49,"f:127:48:127:56":11,"s:127:56:127:83":50,"s:130:12:130:Infinity":51,"s:131:12:131:Infinity":52,"s:133:12:133:Infinity":53,"s:137:29:171:Infinity":54,"f:137:29:137:30":12,"s:138:31:140:Infinity":55,"f:139:12:139:17":13,"s:139:17:139:Infinity":56,"b:139:17:139:91:139:91:139:Infinity":10,"b:142:8:144:Infinity:undefined:undefined:undefined:undefined":11,"s:142:8:144:Infinity":57,"s:143:12:143:Infinity":58,"s:146:8:169:Infinity":59,"f:148:36:148:37":14,"s:149:37:149:Infinity":60,"s:150:32:150:Infinity":61,"b:152:20:161:Infinity:155:20:161:Infinity":12,"s:152:20:161:Infinity":62,"s:153:24:153:Infinity":63,"s:154:24:154:Infinity":64,"b:155:20:161:Infinity:158:20:161:Infinity":13,"s:155:20:161:Infinity":65,"s:156:24:156:Infinity":66,"s:157:24:157:Infinity":67,"b:158:20:161:Infinity:undefined:undefined:undefined:undefined":14,"s:158:20:161:Infinity":68,"s:159:24:159:Infinity":69,"s:160:24:160:Infinity":70,"s:163:20:166:Infinity":71,"s:173:30:173:Infinity":72,"f:173:47:173:52":15,"s:173:52:173:76":73,"s:174:32:174:Infinity":74,"b:174:32:174:53:174:53:174:Infinity":15,"f:174:70:174:75":16,"s:174:75:174:85":75,"s:176:4:288:Infinity":76,"b:206:30:206:43:206:43:206:66:206:66:206:Infinity":16,"b:208:26:208:Infinity:209:26:209:Infinity":17,"b:213:24:216:Infinity:218:24:220:Infinity":18,"b:219:41:219:53:219:53:219:Infinity":19,"b:225:13:225:Infinity:226:16:228:Infinity":20,"b:226:86:226:134:226:134:226:173":21,"f:239:43:239:44":17,"s:240:36:243:Infinity":77,"b:249:32:251:Infinity:252:32:282:Infinity":22,"b:253:32:257:Infinity:259:32:282:Infinity":23,"f:259:48:259:49":18,"s:260:36:281:Infinity":78,"b:264:49:264:Infinity:265:52:267:Infinity":24,"f:271:51:271:52":19,"s:272:60:272:Infinity":79,"s:273:44:278:Infinity":80}}}
,"/Users/amitmac/Projects/ShiftScheduler/frontend/src/utils/weekUtils.ts": {"path":"/Users/amitmac/Projects/ShiftScheduler/frontend/src/utils/weekUtils.ts","statementMap":{"0":{"start":{"line":13,"column":17},"end":{"line":13,"column":null}},"1":{"start":{"line":14,"column":4},"end":{"line":14,"column":null}},"2":{"start":{"line":16,"column":4},"end":{"line":18,"column":null}},"3":{"start":{"line":17,"column":8},"end":{"line":17,"column":null}},"4":{"start":{"line":21,"column":4},"end":{"line":21,"column":null}},"5":{"start":{"line":22,"column":18},"end":{"line":22,"column":null}},"6":{"start":{"line":23,"column":23},"end":{"line":23,"column":null}},"7":{"start":{"line":24,"column":17},"end":{"line":24,"column":null}},"8":{"start":{"line":26,"column":4},"end":{"line":26,"column":null}},"9":{"start":{"line":33,"column":4},"end":{"line":33,"column":null}},"10":{"start":{"line":40,"column":18},"end":{"line":40,"column":null}},"11":{"start":{"line":41,"column":4},"end":{"line":41,"column":null}},"12":{"start":{"line":41,"column":16},"end":{"line":41,"column":null}},"13":{"start":{"line":43,"column":17},"end":{"line":43,"column":null}},"14":{"start":{"line":44,"column":17},"end":{"line":44,"column":null}},"15":{"start":{"line":47,"column":17},"end":{"line":47,"column":null}},"16":{"start":{"line":48,"column":4},"end":{"line":48,"column":null}},"17":{"start":{"line":51,"column":10},"end":{"line":51,"column":null}},"18":{"start":{"line":52,"column":26},"end":{"line":52,"column":null}},"19":{"start":{"line":53,"column":4},"end":{"line":53,"column":null}},"20":{"start":{"line":56,"column":31},"end":{"line":56,"column":null}},"21":{"start":{"line":57,"column":4},"end":{"line":57,"column":null}},"22":{"start":{"line":60,"column":19},"end":{"line":60,"column":null}},"23":{"start":{"line":61,"column":4},"end":{"line":61,"column":null}},"24":{"start":{"line":63,"column":26},"end":{"line":63,"column":null}},"25":{"start":{"line":64,"column":4},"end":{"line":68,"column":null}},"26":{"start":{"line":64,"column":17},"end":{"line":64,"column":20}},"27":{"start":{"line":65,"column":18},"end":{"line":65,"column":null}},"28":{"start":{"line":66,"column":8},"end":{"line":66,"column":null}},"29":{"start":{"line":67,"column":8},"end":{"line":67,"column":null}},"30":{"start":{"line":70,"column":4},"end":{"line":70,"column":null}},"31":{"start":{"line":77,"column":18},"end":{"line":77,"column":null}},"32":{"start":{"line":79,"column":19},"end":{"line":79,"column":null}},"33":{"start":{"line":80,"column":4},"end":{"line":80,"column":null}},"34":{"start":{"line":81,"column":4},"end":{"line":81,"column":null}},"35":{"start":{"line":88,"column":4},"end":{"line":88,"column":null}}},"fnMap":{"0":{"name":"getWeekId","decl":{"start":{"line":10,"column":16},"end":{"line":10,"column":26}},"loc":{"start":{"line":10,"column":60},"end":{"line":27,"column":null}},"line":10},"1":{"name":"getCurrentWeekId","decl":{"start":{"line":32,"column":16},"end":{"line":32,"column":43}},"loc":{"start":{"line":32,"column":43},"end":{"line":34,"column":null}},"line":32},"2":{"name":"getWeekDates","decl":{"start":{"line":39,"column":16},"end":{"line":39,"column":29}},"loc":{"start":{"line":39,"column":53},"end":{"line":71,"column":null}},"line":39},"3":{"name":"getDeadline","decl":{"start":{"line":76,"column":16},"end":{"line":76,"column":28}},"loc":{"start":{"line":76,"column":50},"end":{"line":82,"column":null}},"line":76},"4":{"name":"isDeadlinePassed","decl":{"start":{"line":87,"column":16},"end":{"line":87,"column":33}},"loc":{"start":{"line":87,"column":58},"end":{"line":89,"column":null}},"line":87}},"branchMap":{"0":{"loc":{"start":{"line":10,"column":26},"end":{"line":10,"column":60}},"type":"default-arg","locations":[{"start":{"line":10,"column":40},"end":{"line":10,"column":60}}],"line":10},"1":{"loc":{"start":{"line":16,"column":4},"end":{"line":18,"column":null}},"type":"if","locations":[{"start":{"line":16,"column":4},"end":{"line":18,"column":null}},{"start":{},"end":{}}],"line":16},"2":{"loc":{"start":{"line":41,"column":4},"end":{"line":41,"column":null}},"type":"if","locations":[{"start":{"line":41,"column":4},"end":{"line":41,"column":null}},{"start":{},"end":{}}],"line":41}},"s":{"0":56,"1":56,"2":56,"3":54,"4":56,"5":56,"6":56,"7":56,"8":56,"9":54,"10":49,"11":49,"12":0,"13":49,"14":49,"15":49,"16":49,"17":49,"18":49,"19":49,"20":49,"21":49,"22":49,"23":49,"24":49,"25":49,"26":49,"27":343,"28":343,"29":343,"30":49,"31":32,"32":32,"33":32,"34":32,"35":30},"f":{"0":56,"1":54,"2":49,"3":32,"4":30},"b":{"0":[56],"1":[54,2],"2":[0,49]},"meta":{"lastBranch":3,"lastFunction":5,"lastStatement":36,"seen":{"f:10:16:10:26":0,"b:10:40:10:60":0,"s:13:17:13:Infinity":0,"s:14:4:14:Infinity":1,"b:16:4:18:Infinity:undefined:undefined:undefined:undefined":1,"s:16:4:18:Infinity":2,"s:17:8:17:Infinity":3,"s:21:4:21:Infinity":4,"s:22:18:22:Infinity":5,"s:23:23:23:Infinity":6,"s:24:17:24:Infinity":7,"s:26:4:26:Infinity":8,"f:32:16:32:43":1,"s:33:4:33:Infinity":9,"f:39:16:39:29":2,"s:40:18:40:Infinity":10,"b:41:4:41:Infinity:undefined:undefined:undefined:undefined":2,"s:41:4:41:Infinity":11,"s:41:16:41:Infinity":12,"s:43:17:43:Infinity":13,"s:44:17:44:Infinity":14,"s:47:17:47:Infinity":15,"s:48:4:48:Infinity":16,"s:51:10:51:Infinity":17,"s:52:26:52:Infinity":18,"s:53:4:53:Infinity":19,"s:56:31:56:Infinity":20,"s:57:4:57:Infinity":21,"s:60:19:60:Infinity":22,"s:61:4:61:Infinity":23,"s:63:26:63:Infinity":24,"s:64:4:68:Infinity":25,"s:64:17:64:20":26,"s:65:18:65:Infinity":27,"s:66:8:66:Infinity":28,"s:67:8:67:Infinity":29,"s:70:4:70:Infinity":30,"f:76:16:76:28":3,"s:77:18:77:Infinity":31,"s:79:19:79:Infinity":32,"s:80:4:80:Infinity":33,"s:81:4:81:Infinity":34,"f:87:16:87:33":4,"s:88:4:88:Infinity":35}}}
}
