{"/Users/amitmac/Projects/ShiftScheduler/backend/src/controllers/constraintController.ts": {"path":"/Users/amitmac/Projects/ShiftScheduler/backend/src/controllers/constraintController.ts","statementMap":{"0":{"start":{"line":2,"column":0},"end":{"line":2,"column":24}},"1":{"start":{"line":3,"column":0},"end":{"line":3,"column":50}},"2":{"start":{"line":4,"column":0},"end":{"line":4,"column":54}},"3":{"start":{"line":7,"column":25},"end":{"line":14,"column":2}},"4":{"start":{"line":10,"column":55},"end":{"line":10,"column":68}},"5":{"start":{"line":16,"column":33},"end":{"line":61,"column":1}},"6":{"start":{"line":17,"column":4},"end":{"line":60,"column":5}},"7":{"start":{"line":18,"column":24},"end":{"line":18,"column":47}},"8":{"start":{"line":19,"column":21},"end":{"line":19,"column":53}},"9":{"start":{"line":20,"column":40},"end":{"line":20,"column":44}},"10":{"start":{"line":23,"column":8},"end":{"line":28,"column":9}},"11":{"start":{"line":24,"column":12},"end":{"line":27,"column":15}},"12":{"start":{"line":31,"column":26},"end":{"line":31,"column":78}},"13":{"start":{"line":32,"column":8},"end":{"line":37,"column":9}},"14":{"start":{"line":33,"column":12},"end":{"line":36,"column":15}},"15":{"start":{"line":41,"column":24},"end":{"line":50,"column":null}},"16":{"start":{"line":53,"column":8},"end":{"line":53,"column":70}},"17":{"start":{"line":55,"column":8},"end":{"line":57,"column":9}},"18":{"start":{"line":56,"column":12},"end":{"line":56,"column":114}},"19":{"start":{"line":58,"column":8},"end":{"line":58,"column":62}},"20":{"start":{"line":59,"column":8},"end":{"line":59,"column":90}},"21":{"start":{"line":16,"column":13},"end":{"line":16,"column":33}},"22":{"start":{"line":63,"column":32},"end":{"line":79,"column":1}},"23":{"start":{"line":64,"column":4},"end":{"line":78,"column":5}},"24":{"start":{"line":65,"column":24},"end":{"line":65,"column":47}},"25":{"start":{"line":66,"column":27},"end":{"line":66,"column":37}},"26":{"start":{"line":68,"column":27},"end":{"line":68,"column":71}},"27":{"start":{"line":69,"column":8},"end":{"line":72,"column":9}},"28":{"start":{"line":71,"column":12},"end":{"line":71,"column":71}},"29":{"start":{"line":74,"column":8},"end":{"line":74,"column":73}},"30":{"start":{"line":76,"column":8},"end":{"line":76,"column":63}},"31":{"start":{"line":77,"column":8},"end":{"line":77,"column":90}},"32":{"start":{"line":63,"column":13},"end":{"line":63,"column":32}},"33":{"start":{"line":81,"column":34},"end":{"line":94,"column":1}},"34":{"start":{"line":82,"column":4},"end":{"line":93,"column":5}},"35":{"start":{"line":83,"column":27},"end":{"line":83,"column":37}},"36":{"start":{"line":86,"column":28},"end":{"line":87,"column":74}},"37":{"start":{"line":89,"column":8},"end":{"line":89,"column":74}},"38":{"start":{"line":91,"column":8},"end":{"line":91,"column":65}},"39":{"start":{"line":92,"column":8},"end":{"line":92,"column":90}},"40":{"start":{"line":81,"column":13},"end":{"line":81,"column":34}},"41":{"start":{"line":96,"column":31},"end":{"line":114,"column":1}},"42":{"start":{"line":97,"column":4},"end":{"line":113,"column":5}},"43":{"start":{"line":98,"column":27},"end":{"line":98,"column":37}},"44":{"start":{"line":100,"column":23},"end":{"line":102,"column":null}},"45":{"start":{"line":105,"column":8},"end":{"line":109,"column":11}},"46":{"start":{"line":111,"column":8},"end":{"line":111,"column":59}},"47":{"start":{"line":112,"column":8},"end":{"line":112,"column":90}},"48":{"start":{"line":96,"column":13},"end":{"line":96,"column":31}}},"fnMap":{"0":{"name":"(anonymous_0)","decl":{"start":{"line":10,"column":48},"end":{"line":10,"column":51}},"loc":{"start":{"line":10,"column":55},"end":{"line":10,"column":68}}},"1":{"name":"(anonymous_1)","decl":{"start":{"line":16,"column":33},"end":{"line":16,"column":38}},"loc":{"start":{"line":16,"column":71},"end":{"line":61,"column":1}}},"2":{"name":"(anonymous_2)","decl":{"start":{"line":63,"column":32},"end":{"line":63,"column":37}},"loc":{"start":{"line":63,"column":70},"end":{"line":79,"column":1}}},"3":{"name":"(anonymous_3)","decl":{"start":{"line":81,"column":34},"end":{"line":81,"column":39}},"loc":{"start":{"line":81,"column":72},"end":{"line":94,"column":1}}},"4":{"name":"(anonymous_4)","decl":{"start":{"line":96,"column":31},"end":{"line":96,"column":36}},"loc":{"start":{"line":96,"column":69},"end":{"line":114,"column":1}}}},"branchMap":{"0":{"loc":{"start":{"line":23,"column":8},"end":{"line":28,"column":9}},"type":"if","locations":[{"start":{"line":23,"column":8},"end":{"line":28,"column":9}},{"start":{},"end":{}}]},"1":{"loc":{"start":{"line":32,"column":8},"end":{"line":37,"column":9}},"type":"if","locations":[{"start":{"line":32,"column":8},"end":{"line":37,"column":9}},{"start":{},"end":{}}]},"2":{"loc":{"start":{"line":55,"column":8},"end":{"line":57,"column":9}},"type":"if","locations":[{"start":{"line":55,"column":8},"end":{"line":57,"column":9}},{"start":{},"end":{}}]},"3":{"loc":{"start":{"line":69,"column":8},"end":{"line":72,"column":9}},"type":"if","locations":[{"start":{"line":69,"column":8},"end":{"line":72,"column":9}},{"start":{},"end":{}}]}},"s":{"0":1,"1":1,"2":1,"3":1,"4":0,"5":1,"6":0,"7":0,"8":0,"9":0,"10":0,"11":0,"12":0,"13":0,"14":0,"15":0,"16":0,"17":0,"18":0,"19":0,"20":0,"21":1,"22":1,"23":0,"24":0,"25":0,"26":0,"27":0,"28":0,"29":0,"30":0,"31":0,"32":1,"33":1,"34":0,"35":0,"36":0,"37":0,"38":0,"39":0,"40":1,"41":1,"42":0,"43":0,"44":0,"45":0,"46":0,"47":0,"48":1},"f":{"0":0,"1":0,"2":0,"3":0,"4":0},"b":{"0":[0,0],"1":[0,0],"2":[0,0],"3":[0,0]}}
,"/Users/amitmac/Projects/ShiftScheduler/backend/src/middleware/auth.middleware.ts": {"path":"/Users/amitmac/Projects/ShiftScheduler/backend/src/middleware/auth.middleware.ts","statementMap":{"0":{"start":{"line":2,"column":0},"end":{"line":2,"column":31}},"1":{"start":{"line":3,"column":0},"end":{"line":3,"column":38}},"2":{"start":{"line":5,"column":28},"end":{"line":30,"column":1}},"3":{"start":{"line":6,"column":4},"end":{"line":29,"column":5}},"4":{"start":{"line":7,"column":27},"end":{"line":7,"column":52}},"5":{"start":{"line":8,"column":8},"end":{"line":10,"column":9}},"6":{"start":{"line":9,"column":12},"end":{"line":9,"column":90}},"7":{"start":{"line":12,"column":22},"end":{"line":12,"column":46}},"8":{"start":{"line":13,"column":8},"end":{"line":15,"column":9}},"9":{"start":{"line":14,"column":12},"end":{"line":14,"column":90}},"10":{"start":{"line":17,"column":24},"end":{"line":17,"column":113}},"11":{"start":{"line":19,"column":21},"end":{"line":19,"column":76}},"12":{"start":{"line":20,"column":8},"end":{"line":22,"column":9}},"13":{"start":{"line":21,"column":12},"end":{"line":21,"column":71}},"14":{"start":{"line":24,"column":9},"end":{"line":24,"column":75}},"15":{"start":{"line":25,"column":8},"end":{"line":25,"column":15}},"16":{"start":{"line":27,"column":8},"end":{"line":27,"column":61}},"17":{"start":{"line":28,"column":8},"end":{"line":28,"column":77}},"18":{"start":{"line":5,"column":13},"end":{"line":5,"column":28}},"19":{"start":{"line":32,"column":33},"end":{"line":38,"column":1}},"20":{"start":{"line":33,"column":22},"end":{"line":33,"column":44}},"21":{"start":{"line":34,"column":4},"end":{"line":36,"column":5}},"22":{"start":{"line":35,"column":8},"end":{"line":35,"column":90}},"23":{"start":{"line":37,"column":4},"end":{"line":37,"column":11}},"24":{"start":{"line":32,"column":13},"end":{"line":32,"column":33}}},"fnMap":{"0":{"name":"(anonymous_1)","decl":{"start":{"line":5,"column":28},"end":{"line":5,"column":33}},"loc":{"start":{"line":5,"column":86},"end":{"line":30,"column":1}}},"1":{"name":"(anonymous_2)","decl":{"start":{"line":32,"column":33},"end":{"line":32,"column":34}},"loc":{"start":{"line":32,"column":85},"end":{"line":38,"column":1}}}},"branchMap":{"0":{"loc":{"start":{"line":8,"column":8},"end":{"line":10,"column":9}},"type":"if","locations":[{"start":{"line":8,"column":8},"end":{"line":10,"column":9}},{"start":{},"end":{}}]},"1":{"loc":{"start":{"line":8,"column":12},"end":{"line":8,"column":60}},"type":"binary-expr","locations":[{"start":{"line":8,"column":12},"end":{"line":8,"column":23}},{"start":{"line":8,"column":27},"end":{"line":8,"column":60}}]},"2":{"loc":{"start":{"line":13,"column":8},"end":{"line":15,"column":9}},"type":"if","locations":[{"start":{"line":13,"column":8},"end":{"line":15,"column":9}},{"start":{},"end":{}}]},"3":{"loc":{"start":{"line":17,"column":42},"end":{"line":17,"column":76}},"type":"binary-expr","locations":[{"start":{"line":17,"column":42},"end":{"line":17,"column":64}},{"start":{"line":17,"column":68},"end":{"line":17,"column":76}}]},"4":{"loc":{"start":{"line":20,"column":8},"end":{"line":22,"column":9}},"type":"if","locations":[{"start":{"line":20,"column":8},"end":{"line":22,"column":9}},{"start":{},"end":{}}]},"5":{"loc":{"start":{"line":34,"column":4},"end":{"line":36,"column":5}},"type":"if","locations":[{"start":{"line":34,"column":4},"end":{"line":36,"column":5}},{"start":{},"end":{}}]}},"s":{"0":2,"1":2,"2":2,"3":0,"4":0,"5":0,"6":0,"7":0,"8":0,"9":0,"10":0,"11":0,"12":0,"13":0,"14":0,"15":0,"16":0,"17":0,"18":2,"19":2,"20":0,"21":0,"22":0,"23":0,"24":2},"f":{"0":0,"1":0},"b":{"0":[0,0],"1":[0,0],"2":[0,0],"3":[0,0],"4":[0,0],"5":[0,0]}}
,"/Users/amitmac/Projects/ShiftScheduler/backend/src/models/Constraint.ts": {"path":"/Users/amitmac/Projects/ShiftScheduler/backend/src/models/Constraint.ts","statementMap":{"0":{"start":{"line":1,"column":0},"end":{"line":1,"column":61}},"1":{"start":{"line":17,"column":25},"end":{"line":31,"column":null}},"2":{"start":{"line":34,"column":0},"end":{"line":34,"column":67}},"3":{"start":{"line":36,"column":13},"end":{"line":36,"column":86}}},"fnMap":{},"branchMap":{},"s":{"0":2,"1":2,"2":2,"3":2},"f":{},"b":{}}
,"/Users/amitmac/Projects/ShiftScheduler/backend/src/models/User.ts": {"path":"/Users/amitmac/Projects/ShiftScheduler/backend/src/models/User.ts","statementMap":{"0":{"start":{"line":1,"column":0},"end":{"line":1,"column":54}},"1":{"start":{"line":14,"column":19},"end":{"line":23,"column":null}},"2":{"start":{"line":26,"column":13},"end":{"line":26,"column":62}}},"fnMap":{},"branchMap":{},"s":{"0":2,"1":2,"2":2},"f":{},"b":{}}
,"/Users/amitmac/Projects/ShiftScheduler/backend/src/routes/constraint.routes.ts": {"path":"/Users/amitmac/Projects/ShiftScheduler/backend/src/routes/constraint.routes.ts","statementMap":{"0":{"start":{"line":1,"column":0},"end":{"line":1,"column":30}},"1":{"start":{"line":2,"column":0},"end":{"line":2,"column":null}},"2":{"start":{"line":8,"column":0},"end":{"line":8,"column":80}},"3":{"start":{"line":10,"column":15},"end":{"line":10,"column":31}},"4":{"start":{"line":13,"column":0},"end":{"line":13,"column":25}},"5":{"start":{"line":16,"column":0},"end":{"line":16,"column":36}},"6":{"start":{"line":17,"column":0},"end":{"line":17,"column":44}},"7":{"start":{"line":20,"column":0},"end":{"line":20,"column":67}},"8":{"start":{"line":21,"column":0},"end":{"line":21,"column":66}},"9":{"start":{"line":23,"column":0},"end":{"line":23,"column":22}}},"fnMap":{},"branchMap":{},"s":{"0":1,"1":1,"2":1,"3":1,"4":1,"5":1,"6":1,"7":1,"8":1,"9":1},"f":{},"b":{}}
,"/Users/amitmac/Projects/ShiftScheduler/backend/src/routes/user.routes.ts": {"path":"/Users/amitmac/Projects/ShiftScheduler/backend/src/routes/user.routes.ts","statementMap":{"0":{"start":{"line":1,"column":0},"end":{"line":1,"column":52}},"1":{"start":{"line":2,"column":0},"end":{"line":2,"column":80}},"2":{"start":{"line":3,"column":0},"end":{"line":3,"column":38}},"3":{"start":{"line":5,"column":15},"end":{"line":5,"column":23}},"4":{"start":{"line":7,"column":0},"end":{"line":14,"column":3}},"5":{"start":{"line":8,"column":4},"end":{"line":13,"column":5}},"6":{"start":{"line":9,"column":22},"end":{"line":9,"column":87}},"7":{"start":{"line":10,"column":8},"end":{"line":10,"column":49}},"8":{"start":{"line":12,"column":8},"end":{"line":12,"column":83}},"9":{"start":{"line":16,"column":0},"end":{"line":16,"column":22}}},"fnMap":{"0":{"name":"(anonymous_0)","decl":{"start":{"line":7,"column":49},"end":{"line":7,"column":54}},"loc":{"start":{"line":7,"column":88},"end":{"line":14,"column":1}}}},"branchMap":{},"s":{"0":1,"1":1,"2":1,"3":1,"4":1,"5":0,"6":0,"7":0,"8":0,"9":1},"f":{"0":0},"b":{}}
,"/Users/amitmac/Projects/ShiftScheduler/backend/src/utils/weekUtils.ts": {"path":"/Users/amitmac/Projects/ShiftScheduler/backend/src/utils/weekUtils.ts","statementMap":{"0":{"start":{"line":10,"column":0},"end":{"line":10,"column":16}},"1":{"start":{"line":32,"column":0},"end":{"line":32,"column":16}},"2":{"start":{"line":39,"column":0},"end":{"line":39,"column":16}},"3":{"start":{"line":76,"column":0},"end":{"line":76,"column":16}},"4":{"start":{"line":87,"column":0},"end":{"line":87,"column":16}},"5":{"start":{"line":13,"column":17},"end":{"line":13,"column":48}},"6":{"start":{"line":14,"column":4},"end":{"line":14,"column":30}},"7":{"start":{"line":16,"column":4},"end":{"line":18,"column":5}},"8":{"start":{"line":17,"column":8},"end":{"line":17,"column":41}},"9":{"start":{"line":21,"column":4},"end":{"line":21,"column":63}},"10":{"start":{"line":22,"column":18},"end":{"line":22,"column":52}},"11":{"start":{"line":23,"column":23},"end":{"line":23,"column":121}},"12":{"start":{"line":24,"column":17},"end":{"line":24,"column":35}},"13":{"start":{"line":26,"column":4},"end":{"line":26,"column":64}},"14":{"start":{"line":33,"column":4},"end":{"line":33,"column":33}},"15":{"start":{"line":40,"column":18},"end":{"line":40,"column":52}},"16":{"start":{"line":41,"column":4},"end":{"line":41,"column":76}},"17":{"start":{"line":41,"column":16},"end":{"line":41,"column":76}},"18":{"start":{"line":43,"column":17},"end":{"line":43,"column":35}},"19":{"start":{"line":44,"column":17},"end":{"line":44,"column":35}},"20":{"start":{"line":47,"column":17},"end":{"line":47,"column":37}},"21":{"start":{"line":48,"column":4},"end":{"line":48,"column":30}},"22":{"start":{"line":51,"column":16},"end":{"line":51,"column":39}},"23":{"start":{"line":52,"column":26},"end":{"line":52,"column":50}},"24":{"start":{"line":53,"column":4},"end":{"line":53,"column":48}},"25":{"start":{"line":56,"column":31},"end":{"line":56,"column":64}},"26":{"start":{"line":57,"column":4},"end":{"line":57,"column":73}},"27":{"start":{"line":60,"column":19},"end":{"line":60,"column":57}},"28":{"start":{"line":61,"column":4},"end":{"line":61,"column":53}},"29":{"start":{"line":63,"column":26},"end":{"line":63,"column":28}},"30":{"start":{"line":64,"column":4},"end":{"line":68,"column":5}},"31":{"start":{"line":64,"column":17},"end":{"line":64,"column":18}},"32":{"start":{"line":65,"column":18},"end":{"line":65,"column":44}},"33":{"start":{"line":66,"column":8},"end":{"line":66,"column":40}},"34":{"start":{"line":67,"column":8},"end":{"line":67,"column":22}},"35":{"start":{"line":70,"column":4},"end":{"line":70,"column":17}},"36":{"start":{"line":77,"column":18},"end":{"line":77,"column":38}},"37":{"start":{"line":79,"column":19},"end":{"line":79,"column":47}},"38":{"start":{"line":80,"column":4},"end":{"line":80,"column":37}},"39":{"start":{"line":81,"column":4},"end":{"line":81,"column":18}},"40":{"start":{"line":88,"column":4},"end":{"line":88,"column":64}}},"fnMap":{"0":{"name":"getWeekId","decl":{"start":{"line":10,"column":16},"end":{"line":10,"column":25}},"loc":{"start":{"line":10,"column":50},"end":{"line":27,"column":1}}},"1":{"name":"getCurrentWeekId","decl":{"start":{"line":32,"column":16},"end":{"line":32,"column":32}},"loc":{"start":{"line":32,"column":32},"end":{"line":34,"column":1}}},"2":{"name":"getWeekDates","decl":{"start":{"line":39,"column":16},"end":{"line":39,"column":28}},"loc":{"start":{"line":39,"column":43},"end":{"line":71,"column":1}}},"3":{"name":"getDeadline","decl":{"start":{"line":76,"column":16},"end":{"line":76,"column":27}},"loc":{"start":{"line":76,"column":42},"end":{"line":82,"column":1}}},"4":{"name":"isDeadlinePassed","decl":{"start":{"line":87,"column":16},"end":{"line":87,"column":32}},"loc":{"start":{"line":87,"column":47},"end":{"line":89,"column":1}}}},"branchMap":{"0":{"loc":{"start":{"line":10,"column":26},"end":{"line":10,"column":50}},"type":"default-arg","locations":[{"start":{"line":10,"column":40},"end":{"line":10,"column":50}}]},"1":{"loc":{"start":{"line":16,"column":4},"end":{"line":18,"column":5}},"type":"if","locations":[{"start":{"line":16,"column":4},"end":{"line":18,"column":5}},{"start":{},"end":{}}]},"2":{"loc":{"start":{"line":41,"column":4},"end":{"line":41,"column":76}},"type":"if","locations":[{"start":{"line":41,"column":4},"end":{"line":41,"column":76}},{"start":{},"end":{}}]}},"s":{"0":2,"1":2,"2":2,"3":2,"4":2,"5":0,"6":0,"7":0,"8":0,"9":0,"10":0,"11":0,"12":0,"13":0,"14":0,"15":0,"16":0,"17":0,"18":0,"19":0,"20":0,"21":0,"22":0,"23":0,"24":0,"25":0,"26":0,"27":0,"28":0,"29":0,"30":0,"31":0,"32":0,"33":0,"34":0,"35":0,"36":0,"37":0,"38":0,"39":0,"40":0},"f":{"0":0,"1":0,"2":0,"3":0,"4":0},"b":{"0":[0],"1":[0,0],"2":[0,0]}}
}
