<?xml version="1.0" encoding="UTF-8"?>
<coverage generated="1771952363039" clover="3.2.0">
  <project timestamp="1771952363039" name="All files">
    <metrics statements="90" coveredstatements="87" conditionals="60" coveredconditionals="52" methods="40" coveredmethods="39" elements="190" coveredelements="178" complexity="0" loc="90" ncloc="90" packages="4" files="6" classes="6"/>
    <package name="components.layout">
      <metrics statements="6" coveredstatements="6" conditionals="2" coveredconditionals="2" methods="5" coveredmethods="5"/>
      <file name="Header.tsx" path="/Users/amitmac/Documents/ShiftScheduler/src/components/layout/Header.tsx">
        <metrics statements="1" coveredstatements="1" conditionals="0" coveredconditionals="0" methods="1" coveredmethods="1"/>
        <line num="5" count="3" type="stmt"/>
      </file>
      <file name="Sidebar.tsx" path="/Users/amitmac/Documents/ShiftScheduler/src/components/layout/Sidebar.tsx">
        <metrics statements="5" coveredstatements="5" conditionals="2" coveredconditionals="2" methods="4" coveredmethods="4"/>
        <line num="8" count="12" type="stmt"/>
        <line num="11" count="1" type="stmt"/>
        <line num="19" count="3" type="stmt"/>
        <line num="27" count="12" type="stmt"/>
        <line num="30" count="12" type="stmt"/>
      </file>
    </package>
    <package name="features.employees.components">
      <metrics statements="29" coveredstatements="29" conditionals="34" coveredconditionals="31" methods="11" coveredmethods="11"/>
      <file name="EmployeeModal.tsx" path="/Users/amitmac/Documents/ShiftScheduler/src/features/employees/components/EmployeeModal.tsx">
        <metrics statements="29" coveredstatements="29" conditionals="34" coveredconditionals="31" methods="11" coveredmethods="11"/>
        <line num="9" count="1" type="stmt"/>
        <line num="19" count="3" type="cond" truecount="4" falsecount="0"/>
        <line num="20" count="1" type="stmt"/>
        <line num="21" count="1" type="stmt"/>
        <line num="22" count="1" type="stmt"/>
        <line num="24" count="2" type="stmt"/>
        <line num="30" count="1" type="stmt"/>
        <line num="42" count="5" type="stmt"/>
        <line num="59" count="1" type="stmt"/>
        <line num="63" count="1" type="stmt"/>
        <line num="76" count="26" type="stmt"/>
        <line num="93" count="26" type="stmt"/>
        <line num="98" count="26" type="stmt"/>
        <line num="99" count="8" type="cond" truecount="2" falsecount="0"/>
        <line num="100" count="7" type="cond" truecount="2" falsecount="0"/>
        <line num="101" count="1" type="stmt"/>
        <line num="110" count="6" type="stmt"/>
        <line num="127" count="26" type="cond" truecount="2" falsecount="0"/>
        <line num="129" count="24" type="stmt"/>
        <line num="130" count="2" type="stmt"/>
        <line num="134" count="2" type="stmt"/>
        <line num="140" count="2" type="stmt"/>
        <line num="141" count="2" type="stmt"/>
        <line num="144" count="24" type="stmt"/>
        <line num="242" count="48" type="stmt"/>
        <line num="312" count="4" type="stmt"/>
        <line num="327" count="9" type="stmt"/>
        <line num="330" count="1" type="stmt"/>
        <line num="355" count="63" type="stmt"/>
      </file>
    </package>
    <package name="features.shifts.components">
      <metrics statements="29" coveredstatements="28" conditionals="24" coveredconditionals="19" methods="16" coveredmethods="16"/>
      <file name="ShiftModal.tsx" path="/Users/amitmac/Documents/ShiftScheduler/src/features/shifts/components/ShiftModal.tsx">
        <metrics statements="16" coveredstatements="15" conditionals="14" coveredconditionals="11" methods="5" coveredmethods="5"/>
        <line num="9" count="1" type="stmt"/>
        <line num="17" count="2" type="stmt"/>
        <line num="39" count="12" type="stmt"/>
        <line num="48" count="12" type="cond" truecount="2" falsecount="0"/>
        <line num="50" count="10" type="stmt"/>
        <line num="51" count="1" type="stmt"/>
        <line num="52" count="1" type="stmt"/>
        <line num="53" count="1" type="stmt"/>
        <line num="55" count="1" type="stmt"/>
        <line num="64" count="1" type="stmt"/>
        <line num="65" count="1" type="stmt"/>
        <line num="66" count="1" type="stmt"/>
        <line num="68" count="0" type="stmt"/>
        <line num="72" count="10" type="stmt"/>
        <line num="92" count="10" type="stmt"/>
        <line num="109" count="10" type="stmt"/>
      </file>
      <file name="WeeklyCalendar.tsx" path="/Users/amitmac/Documents/ShiftScheduler/src/features/shifts/components/WeeklyCalendar.tsx">
        <metrics statements="13" coveredstatements="13" conditionals="10" coveredconditionals="8" methods="11" coveredmethods="11"/>
        <line num="16" count="3" type="stmt"/>
        <line num="17" count="21" type="stmt"/>
        <line num="19" count="3" type="stmt"/>
        <line num="20" count="3" type="cond" truecount="1" falsecount="1"/>
        <line num="23" count="3" type="stmt"/>
        <line num="24" count="1" type="cond" truecount="1" falsecount="1"/>
        <line num="27" count="3" type="stmt"/>
        <line num="35" count="21" type="stmt"/>
        <line num="47" count="2" type="stmt"/>
        <line num="63" count="14" type="stmt"/>
        <line num="64" count="7" type="cond" truecount="2" falsecount="0"/>
        <line num="68" count="14" type="stmt"/>
        <line num="72" count="1" type="stmt"/>
      </file>
    </package>
    <package name="features.shifts.hooks">
      <metrics statements="26" coveredstatements="24" conditionals="0" coveredconditionals="0" methods="8" coveredmethods="7"/>
      <file name="useShifts.ts" path="/Users/amitmac/Documents/ShiftScheduler/src/features/shifts/hooks/useShifts.ts">
        <metrics statements="26" coveredstatements="24" conditionals="0" coveredconditionals="0" methods="8" coveredmethods="7"/>
        <line num="9" count="4" type="stmt"/>
        <line num="10" count="4" type="stmt"/>
        <line num="11" count="4" type="stmt"/>
        <line num="12" count="4" type="stmt"/>
        <line num="13" count="4" type="stmt"/>
        <line num="15" count="4" type="stmt"/>
        <line num="16" count="2" type="stmt"/>
        <line num="17" count="2" type="stmt"/>
        <line num="19" count="2" type="stmt"/>
        <line num="20" count="2" type="stmt"/>
        <line num="22" count="2" type="stmt"/>
        <line num="23" count="2" type="stmt"/>
        <line num="25" count="2" type="stmt"/>
        <line num="26" count="2" type="stmt"/>
        <line num="27" count="2" type="stmt"/>
        <line num="30" count="2" type="stmt"/>
        <line num="31" count="2" type="stmt"/>
        <line num="32" count="2" type="stmt"/>
        <line num="33" count="2" type="stmt"/>
        <line num="37" count="4" type="stmt"/>
        <line num="38" count="1" type="stmt"/>
        <line num="39" count="1" type="stmt"/>
        <line num="40" count="1" type="stmt"/>
        <line num="42" count="0" type="stmt"/>
        <line num="43" count="0" type="stmt"/>
        <line num="47" count="4" type="stmt"/>
      </file>
    </package>
  </project>
</coverage>
