{"/Users/amitmac/Documents/ShiftScheduler/src/components/layout/Header.tsx": {"path":"/Users/amitmac/Documents/ShiftScheduler/src/components/layout/Header.tsx","statementMap":{"0":{"start":{"line":5,"column":4},"end":{"line":35,"column":null}}},"fnMap":{"0":{"name":"Header","decl":{"start":{"line":4,"column":16},"end":{"line":4,"column":25}},"loc":{"start":{"line":4,"column":25},"end":{"line":37,"column":null}},"line":4}},"branchMap":{},"s":{"0":3},"f":{"0":3},"b":{},"meta":{"lastBranch":0,"lastFunction":1,"lastStatement":1,"seen":{"f:4:16:4:25":0,"s:5:4:35:Infinity":0}}}
,"/Users/amitmac/Documents/ShiftScheduler/src/components/layout/Sidebar.tsx": {"path":"/Users/amitmac/Documents/ShiftScheduler/src/components/layout/Sidebar.tsx","statementMap":{"0":{"start":{"line":8,"column":4},"end":{"line":8,"column":null}},"1":{"start":{"line":11,"column":17},"end":{"line":16,"column":null}},"2":{"start":{"line":19,"column":4},"end":{"line":49,"column":null}},"3":{"start":{"line":27,"column":20},"end":{"line":39,"column":null}},"4":{"start":{"line":30,"column":53},"end":{"line":35,"column":null}}},"fnMap":{"0":{"name":"cn","decl":{"start":{"line":7,"column":16},"end":{"line":7,"column":22}},"loc":{"start":{"line":7,"column":44},"end":{"line":9,"column":null}},"line":7},"1":{"name":"Sidebar","decl":{"start":{"line":18,"column":16},"end":{"line":18,"column":26}},"loc":{"start":{"line":18,"column":26},"end":{"line":51,"column":null}},"line":18},"2":{"name":"(anonymous_2)","decl":{"start":{"line":26,"column":30},"end":{"line":26,"column":31}},"loc":{"start":{"line":27,"column":20},"end":{"line":39,"column":null}},"line":27},"3":{"name":"(anonymous_3)","decl":{"start":{"line":30,"column":35},"end":{"line":30,"column":36}},"loc":{"start":{"line":30,"column":53},"end":{"line":35,"column":null}},"line":30}},"branchMap":{"0":{"loc":{"start":{"line":32,"column":28},"end":{"line":34,"column":null}},"type":"cond-expr","locations":[{"start":{"line":33,"column":34},"end":{"line":33,"column":null}},{"start":{"line":34,"column":34},"end":{"line":34,"column":null}}],"line":32}},"s":{"0":12,"1":1,"2":3,"3":12,"4":12},"f":{"0":12,"1":3,"2":12,"3":12},"b":{"0":[3,9]},"meta":{"lastBranch":1,"lastFunction":4,"lastStatement":5,"seen":{"f:7:16:7:22":0,"s:8:4:8:Infinity":0,"s:11:17:16:Infinity":1,"f:18:16:18:26":1,"s:19:4:49:Infinity":2,"f:26:30:26:31":2,"s:27:20:39:Infinity":3,"f:30:35:30:36":3,"s:30:53:35:Infinity":4,"b:33:34:33:Infinity:34:34:34:Infinity":0}}}
,"/Users/amitmac/Documents/ShiftScheduler/src/features/employees/components/EmployeeModal.tsx": {"path":"/Users/amitmac/Documents/ShiftScheduler/src/features/employees/components/EmployeeModal.tsx","statementMap":{"0":{"start":{"line":9,"column":25},"end":{"line":28,"column":null}},"1":{"start":{"line":19,"column":4},"end":{"line":23,"column":null}},"2":{"start":{"line":20,"column":22},"end":{"line":20,"column":null}},"3":{"start":{"line":21,"column":20},"end":{"line":21,"column":null}},"4":{"start":{"line":22,"column":8},"end":{"line":22,"column":null}},"5":{"start":{"line":24,"column":4},"end":{"line":24,"column":null}},"6":{"start":{"line":30,"column":23},"end":{"line":45,"column":null}},"7":{"start":{"line":42,"column":18},"end":{"line":42,"column":96}},"8":{"start":{"line":59,"column":21},"end":{"line":61,"column":null}},"9":{"start":{"line":63,"column":59},"end":{"line":437,"column":null}},"10":{"start":{"line":76,"column":4},"end":{"line":91,"column":null}},"11":{"start":{"line":93,"column":35},"end":{"line":96,"column":null}},"12":{"start":{"line":98,"column":4},"end":{"line":125,"column":null}},"13":{"start":{"line":99,"column":8},"end":{"line":124,"column":null}},"14":{"start":{"line":100,"column":12},"end":{"line":123,"column":null}},"15":{"start":{"line":101,"column":16},"end":{"line":108,"column":null}},"16":{"start":{"line":110,"column":16},"end":{"line":122,"column":null}},"17":{"start":{"line":127,"column":4},"end":{"line":127,"column":null}},"18":{"start":{"line":127,"column":17},"end":{"line":127,"column":null}},"19":{"start":{"line":129,"column":21},"end":{"line":142,"column":null}},"20":{"start":{"line":130,"column":68},"end":{"line":139,"column":null}},"21":{"start":{"line":134,"column":68},"end":{"line":137,"column":18}},"22":{"start":{"line":140,"column":8},"end":{"line":140,"column":null}},"23":{"start":{"line":141,"column":8},"end":{"line":141,"column":null}},"24":{"start":{"line":144,"column":4},"end":{"line":435,"column":null}},"25":{"start":{"line":242,"column":36},"end":{"line":244,"column":null}},"26":{"start":{"line":312,"column":47},"end":{"line":318,"column":null}},"27":{"start":{"line":327,"column":32},"end":{"line":408,"column":null}},"28":{"start":{"line":330,"column":55},"end":{"line":330,"column":null}},"29":{"start":{"line":355,"column":52},"end":{"line":355,"column":null}}},"fnMap":{"0":{"name":"(anonymous_0)","decl":{"start":{"line":17,"column":10},"end":{"line":17,"column":18}},"loc":{"start":{"line":17,"column":18},"end":{"line":25,"column":3}},"line":17},"1":{"name":"(anonymous_1)","decl":{"start":{"line":42,"column":10},"end":{"line":42,"column":18}},"loc":{"start":{"line":42,"column":18},"end":{"line":42,"column":96}},"line":42},"2":{"name":"(anonymous_2)","decl":{"start":{"line":63,"column":59},"end":{"line":63,"column":60}},"loc":{"start":{"line":69,"column":6},"end":{"line":437,"column":null}},"line":69},"3":{"name":"(anonymous_3)","decl":{"start":{"line":98,"column":14},"end":{"line":98,"column":20}},"loc":{"start":{"line":98,"column":20},"end":{"line":125,"column":7}},"line":98},"4":{"name":"(anonymous_4)","decl":{"start":{"line":129,"column":21},"end":{"line":129,"column":22}},"loc":{"start":{"line":129,"column":49},"end":{"line":142,"column":null}},"line":129},"5":{"name":"(anonymous_5)","decl":{"start":{"line":134,"column":62},"end":{"line":134,"column":68}},"loc":{"start":{"line":134,"column":68},"end":{"line":137,"column":18}},"line":134},"6":{"name":"(anonymous_6)","decl":{"start":{"line":241,"column":43},"end":{"line":241,"column":44}},"loc":{"start":{"line":242,"column":36},"end":{"line":244,"column":null}},"line":242},"7":{"name":"(anonymous_7)","decl":{"start":{"line":312,"column":41},"end":{"line":312,"column":47}},"loc":{"start":{"line":312,"column":47},"end":{"line":318,"column":null}},"line":312},"8":{"name":"(anonymous_8)","decl":{"start":{"line":326,"column":40},"end":{"line":326,"column":41}},"loc":{"start":{"line":327,"column":32},"end":{"line":408,"column":null}},"line":327},"9":{"name":"(anonymous_9)","decl":{"start":{"line":330,"column":49},"end":{"line":330,"column":55}},"loc":{"start":{"line":330,"column":55},"end":{"line":330,"column":null}},"line":330},"10":{"name":"(anonymous_10)","decl":{"start":{"line":354,"column":66},"end":{"line":354,"column":67}},"loc":{"start":{"line":355,"column":52},"end":{"line":355,"column":null}},"line":355}},"branchMap":{"0":{"loc":{"start":{"line":19,"column":4},"end":{"line":23,"column":null}},"type":"if","locations":[{"start":{"line":19,"column":4},"end":{"line":23,"column":null}},{"start":{},"end":{}}],"line":19},"1":{"loc":{"start":{"line":19,"column":8},"end":{"line":19,"column":42}},"type":"binary-expr","locations":[{"start":{"line":19,"column":8},"end":{"line":19,"column":27}},{"start":{"line":19,"column":27},"end":{"line":19,"column":42}}],"line":19},"2":{"loc":{"start":{"line":99,"column":8},"end":{"line":124,"column":null}},"type":"if","locations":[{"start":{"line":99,"column":8},"end":{"line":124,"column":null}},{"start":{},"end":{}}],"line":99},"3":{"loc":{"start":{"line":100,"column":12},"end":{"line":123,"column":null}},"type":"if","locations":[{"start":{"line":100,"column":12},"end":{"line":123,"column":null}},{"start":{"line":109,"column":19},"end":{"line":123,"column":null}}],"line":100},"4":{"loc":{"start":{"line":127,"column":4},"end":{"line":127,"column":null}},"type":"if","locations":[{"start":{"line":127,"column":4},"end":{"line":127,"column":null}},{"start":{},"end":{}}],"line":127},"5":{"loc":{"start":{"line":136,"column":24},"end":{"line":136,"column":null}},"type":"binary-expr","locations":[{"start":{"line":136,"column":24},"end":{"line":136,"column":32}},{"start":{"line":136,"column":32},"end":{"line":136,"column":null}}],"line":136},"6":{"loc":{"start":{"line":149,"column":25},"end":{"line":149,"column":null}},"type":"cond-expr","locations":[{"start":{"line":149,"column":36},"end":{"line":149,"column":54}},{"start":{"line":149,"column":54},"end":{"line":149,"column":null}}],"line":149},"7":{"loc":{"start":{"line":174,"column":33},"end":{"line":175,"column":null}},"type":"binary-expr","locations":[{"start":{"line":174,"column":33},"end":{"line":174,"column":null}},{"start":{"line":175,"column":36},"end":{"line":175,"column":null}}],"line":174},"8":{"loc":{"start":{"line":188,"column":33},"end":{"line":189,"column":null}},"type":"binary-expr","locations":[{"start":{"line":188,"column":33},"end":{"line":188,"column":null}},{"start":{"line":189,"column":36},"end":{"line":189,"column":null}}],"line":188},"9":{"loc":{"start":{"line":205,"column":33},"end":{"line":206,"column":null}},"type":"binary-expr","locations":[{"start":{"line":205,"column":33},"end":{"line":205,"column":null}},{"start":{"line":206,"column":36},"end":{"line":206,"column":null}}],"line":205},"10":{"loc":{"start":{"line":219,"column":33},"end":{"line":220,"column":null}},"type":"binary-expr","locations":[{"start":{"line":219,"column":33},"end":{"line":219,"column":null}},{"start":{"line":220,"column":36},"end":{"line":220,"column":null}}],"line":219},"11":{"loc":{"start":{"line":247,"column":29},"end":{"line":248,"column":null}},"type":"binary-expr","locations":[{"start":{"line":247,"column":29},"end":{"line":247,"column":null}},{"start":{"line":248,"column":32},"end":{"line":248,"column":null}}],"line":247},"12":{"loc":{"start":{"line":269,"column":33},"end":{"line":270,"column":null}},"type":"binary-expr","locations":[{"start":{"line":269,"column":33},"end":{"line":269,"column":null}},{"start":{"line":270,"column":36},"end":{"line":270,"column":null}}],"line":269},"13":{"loc":{"start":{"line":283,"column":33},"end":{"line":284,"column":null}},"type":"binary-expr","locations":[{"start":{"line":283,"column":33},"end":{"line":283,"column":null}},{"start":{"line":284,"column":36},"end":{"line":284,"column":null}}],"line":283},"14":{"loc":{"start":{"line":297,"column":33},"end":{"line":298,"column":null}},"type":"binary-expr","locations":[{"start":{"line":297,"column":33},"end":{"line":297,"column":null}},{"start":{"line":298,"column":36},"end":{"line":298,"column":null}}],"line":297},"15":{"loc":{"start":{"line":393,"column":45},"end":{"line":394,"column":null}},"type":"binary-expr","locations":[{"start":{"line":393,"column":45},"end":{"line":393,"column":null}},{"start":{"line":394,"column":48},"end":{"line":394,"column":null}}],"line":393},"16":{"loc":{"start":{"line":410,"column":29},"end":{"line":413,"column":null}},"type":"binary-expr","locations":[{"start":{"line":410,"column":29},"end":{"line":410,"column":null}},{"start":{"line":411,"column":32},"end":{"line":413,"column":null}}],"line":410}},"s":{"0":1,"1":3,"2":1,"3":1,"4":1,"5":2,"6":1,"7":5,"8":1,"9":1,"10":26,"11":26,"12":26,"13":8,"14":7,"15":1,"16":6,"17":26,"18":2,"19":24,"20":2,"21":2,"22":2,"23":2,"24":24,"25":48,"26":4,"27":9,"28":1,"29":63},"f":{"0":3,"1":5,"2":26,"3":8,"4":2,"5":2,"6":48,"7":4,"8":9,"9":1,"10":63},"b":{"0":[1,2],"1":[3,1],"2":[7,1],"3":[1,6],"4":[2,24],"5":[2,0],"6":[2,22],"7":[26,3],"8":[26,3],"9":[26,3],"10":[26,3],"11":[26,3],"12":[26,0],"13":[26,0],"14":[26,1],"15":[9,1],"16":[26,16]},"meta":{"lastBranch":17,"lastFunction":11,"lastStatement":30,"seen":{"s:9:25:28:Infinity":0,"f:17:10:17:18":0,"b:19:4:23:Infinity:undefined:undefined:undefined:undefined":0,"s:19:4:23:Infinity":1,"b:19:8:19:27:19:27:19:42":1,"s:20:22:20:Infinity":2,"s:21:20:21:Infinity":3,"s:22:8:22:Infinity":4,"s:24:4:24:Infinity":5,"s:30:23:45:Infinity":6,"f:42:10:42:18":1,"s:42:18:42:96":7,"s:59:21:61:Infinity":8,"s:63:59:437:Infinity":9,"f:63:59:63:60":2,"s:76:4:91:Infinity":10,"s:93:35:96:Infinity":11,"s:98:4:125:Infinity":12,"f:98:14:98:20":3,"b:99:8:124:Infinity:undefined:undefined:undefined:undefined":2,"s:99:8:124:Infinity":13,"b:100:12:123:Infinity:109:19:123:Infinity":3,"s:100:12:123:Infinity":14,"s:101:16:108:Infinity":15,"s:110:16:122:Infinity":16,"b:127:4:127:Infinity:undefined:undefined:undefined:undefined":4,"s:127:4:127:Infinity":17,"s:127:17:127:Infinity":18,"s:129:21:142:Infinity":19,"f:129:21:129:22":4,"s:130:68:139:Infinity":20,"f:134:62:134:68":5,"s:134:68:137:18":21,"b:136:24:136:32:136:32:136:Infinity":5,"s:140:8:140:Infinity":22,"s:141:8:141:Infinity":23,"s:144:4:435:Infinity":24,"b:149:36:149:54:149:54:149:Infinity":6,"b:174:33:174:Infinity:175:36:175:Infinity":7,"b:188:33:188:Infinity:189:36:189:Infinity":8,"b:205:33:205:Infinity:206:36:206:Infinity":9,"b:219:33:219:Infinity:220:36:220:Infinity":10,"f:241:43:241:44":6,"s:242:36:244:Infinity":25,"b:247:29:247:Infinity:248:32:248:Infinity":11,"b:269:33:269:Infinity:270:36:270:Infinity":12,"b:283:33:283:Infinity:284:36:284:Infinity":13,"b:297:33:297:Infinity:298:36:298:Infinity":14,"f:312:41:312:47":7,"s:312:47:318:Infinity":26,"f:326:40:326:41":8,"s:327:32:408:Infinity":27,"f:330:49:330:55":9,"s:330:55:330:Infinity":28,"f:354:66:354:67":10,"s:355:52:355:Infinity":29,"b:393:45:393:Infinity:394:48:394:Infinity":15,"b:410:29:410:Infinity:411:32:413:Infinity":16}}}
,"/Users/amitmac/Documents/ShiftScheduler/src/features/shifts/components/ShiftModal.tsx": {"path":"/Users/amitmac/Documents/ShiftScheduler/src/features/shifts/components/ShiftModal.tsx","statementMap":{"0":{"start":{"line":9,"column":20},"end":{"line":21,"column":null}},"1":{"start":{"line":17,"column":4},"end":{"line":17,"column":null}},"2":{"start":{"line":39,"column":4},"end":{"line":46,"column":null}},"3":{"start":{"line":48,"column":4},"end":{"line":48,"column":null}},"4":{"start":{"line":48,"column":17},"end":{"line":48,"column":null}},"5":{"start":{"line":50,"column":21},"end":{"line":70,"column":null}},"6":{"start":{"line":51,"column":8},"end":{"line":69,"column":null}},"7":{"start":{"line":52,"column":18},"end":{"line":52,"column":null}},"8":{"start":{"line":53,"column":18},"end":{"line":53,"column":null}},"9":{"start":{"line":55,"column":12},"end":{"line":62,"column":null}},"10":{"start":{"line":64,"column":12},"end":{"line":64,"column":null}},"11":{"start":{"line":65,"column":12},"end":{"line":65,"column":null}},"12":{"start":{"line":66,"column":12},"end":{"line":66,"column":null}},"13":{"start":{"line":68,"column":12},"end":{"line":68,"column":null}},"14":{"start":{"line":72,"column":4},"end":{"line":181,"column":null}},"15":{"start":{"line":92,"column":32},"end":{"line":94,"column":null}},"16":{"start":{"line":109,"column":32},"end":{"line":111,"column":null}}},"fnMap":{"0":{"name":"(anonymous_0)","decl":{"start":{"line":16,"column":10},"end":{"line":16,"column":11}},"loc":{"start":{"line":16,"column":20},"end":{"line":18,"column":3}},"line":16},"1":{"name":"ShiftModal","decl":{"start":{"line":33,"column":16},"end":{"line":33,"column":27}},"loc":{"start":{"line":33,"column":95},"end":{"line":183,"column":null}},"line":33},"2":{"name":"(anonymous_2)","decl":{"start":{"line":50,"column":21},"end":{"line":50,"column":28}},"loc":{"start":{"line":50,"column":54},"end":{"line":70,"column":null}},"line":50},"3":{"name":"(anonymous_3)","decl":{"start":{"line":91,"column":43},"end":{"line":91,"column":44}},"loc":{"start":{"line":92,"column":32},"end":{"line":94,"column":null}},"line":92},"4":{"name":"(anonymous_4)","decl":{"start":{"line":108,"column":39},"end":{"line":108,"column":40}},"loc":{"start":{"line":109,"column":32},"end":{"line":111,"column":null}},"line":109}},"branchMap":{"0":{"loc":{"start":{"line":48,"column":4},"end":{"line":48,"column":null}},"type":"if","locations":[{"start":{"line":48,"column":4},"end":{"line":48,"column":null}},{"start":{},"end":{}}],"line":48},"1":{"loc":{"start":{"line":97,"column":25},"end":{"line":97,"column":null}},"type":"binary-expr","locations":[{"start":{"line":97,"column":25},"end":{"line":97,"column":47}},{"start":{"line":97,"column":47},"end":{"line":97,"column":null}}],"line":97},"2":{"loc":{"start":{"line":114,"column":25},"end":{"line":114,"column":null}},"type":"binary-expr","locations":[{"start":{"line":114,"column":25},"end":{"line":114,"column":43}},{"start":{"line":114,"column":43},"end":{"line":114,"column":null}}],"line":114},"3":{"loc":{"start":{"line":125,"column":25},"end":{"line":125,"column":null}},"type":"binary-expr","locations":[{"start":{"line":125,"column":25},"end":{"line":125,"column":40}},{"start":{"line":125,"column":40},"end":{"line":125,"column":null}}],"line":125},"4":{"loc":{"start":{"line":137,"column":29},"end":{"line":137,"column":null}},"type":"binary-expr","locations":[{"start":{"line":137,"column":29},"end":{"line":137,"column":49}},{"start":{"line":137,"column":49},"end":{"line":137,"column":null}}],"line":137},"5":{"loc":{"start":{"line":147,"column":29},"end":{"line":147,"column":null}},"type":"binary-expr","locations":[{"start":{"line":147,"column":29},"end":{"line":147,"column":47}},{"start":{"line":147,"column":47},"end":{"line":147,"column":null}}],"line":147},"6":{"loc":{"start":{"line":175,"column":29},"end":{"line":175,"column":101}},"type":"cond-expr","locations":[{"start":{"line":175,"column":44},"end":{"line":175,"column":96}},{"start":{"line":175,"column":96},"end":{"line":175,"column":101}}],"line":175}},"s":{"0":1,"1":2,"2":12,"3":12,"4":2,"5":10,"6":1,"7":1,"8":1,"9":1,"10":1,"11":1,"12":1,"13":0,"14":10,"15":10,"16":10},"f":{"0":2,"1":12,"2":1,"3":10,"4":10},"b":{"0":[2,10],"1":[10,1],"2":[12,1],"3":[12,0],"4":[12,0],"5":[12,0],"6":[2,8]},"meta":{"lastBranch":7,"lastFunction":5,"lastStatement":17,"seen":{"s:9:20:21:Infinity":0,"f:16:10:16:11":0,"s:17:4:17:Infinity":1,"f:33:16:33:27":1,"s:39:4:46:Infinity":2,"b:48:4:48:Infinity:undefined:undefined:undefined:undefined":0,"s:48:4:48:Infinity":3,"s:48:17:48:Infinity":4,"s:50:21:70:Infinity":5,"f:50:21:50:28":2,"s:51:8:69:Infinity":6,"s:52:18:52:Infinity":7,"s:53:18:53:Infinity":8,"s:55:12:62:Infinity":9,"s:64:12:64:Infinity":10,"s:65:12:65:Infinity":11,"s:66:12:66:Infinity":12,"s:68:12:68:Infinity":13,"s:72:4:181:Infinity":14,"f:91:43:91:44":3,"s:92:32:94:Infinity":15,"b:97:25:97:47:97:47:97:Infinity":1,"f:108:39:108:40":4,"s:109:32:111:Infinity":16,"b:114:25:114:43:114:43:114:Infinity":2,"b:125:25:125:40:125:40:125:Infinity":3,"b:137:29:137:49:137:49:137:Infinity":4,"b:147:29:147:47:147:47:147:Infinity":5,"b:175:44:175:96:175:96:175:101":6}}}
,"/Users/amitmac/Documents/ShiftScheduler/src/features/shifts/components/WeeklyCalendar.tsx": {"path":"/Users/amitmac/Documents/ShiftScheduler/src/features/shifts/components/WeeklyCalendar.tsx","statementMap":{"0":{"start":{"line":16,"column":10},"end":{"line":16,"column":null}},"1":{"start":{"line":17,"column":21},"end":{"line":17,"column":null}},"2":{"start":{"line":17,"column":55},"end":{"line":17,"column":82}},"3":{"start":{"line":19,"column":25},"end":{"line":21,"column":null}},"4":{"start":{"line":20,"column":8},"end":{"line":20,"column":null}},"5":{"start":{"line":20,"column":31},"end":{"line":20,"column":46}},"6":{"start":{"line":23,"column":24},"end":{"line":25,"column":null}},"7":{"start":{"line":24,"column":8},"end":{"line":24,"column":null}},"8":{"start":{"line":24,"column":31},"end":{"line":24,"column":46}},"9":{"start":{"line":27,"column":4},"end":{"line":93,"column":null}},"10":{"start":{"line":35,"column":20},"end":{"line":40,"column":null}},"11":{"start":{"line":47,"column":20},"end":{"line":85,"column":null}},"12":{"start":{"line":63,"column":46},"end":{"line":66,"column":null}},"13":{"start":{"line":64,"column":32},"end":{"line":65,"column":null}},"14":{"start":{"line":68,"column":28},"end":{"line":82,"column":null}},"15":{"start":{"line":72,"column":44},"end":{"line":79,"column":null}}},"fnMap":{"0":{"name":"WeeklyCalendar","decl":{"start":{"line":15,"column":16},"end":{"line":15,"column":31}},"loc":{"start":{"line":15,"column":95},"end":{"line":95,"column":null}},"line":15},"1":{"name":"(anonymous_1)","decl":{"start":{"line":17,"column":51},"end":{"line":17,"column":52}},"loc":{"start":{"line":17,"column":55},"end":{"line":17,"column":82}},"line":17},"2":{"name":"(anonymous_2)","decl":{"start":{"line":19,"column":25},"end":{"line":19,"column":26}},"loc":{"start":{"line":19,"column":45},"end":{"line":21,"column":null}},"line":19},"3":{"name":"(anonymous_3)","decl":{"start":{"line":20,"column":26},"end":{"line":20,"column":31}},"loc":{"start":{"line":20,"column":31},"end":{"line":20,"column":46}},"line":20},"4":{"name":"(anonymous_4)","decl":{"start":{"line":23,"column":24},"end":{"line":23,"column":25}},"loc":{"start":{"line":23,"column":44},"end":{"line":25,"column":null}},"line":23},"5":{"name":"(anonymous_5)","decl":{"start":{"line":24,"column":26},"end":{"line":24,"column":31}},"loc":{"start":{"line":24,"column":31},"end":{"line":24,"column":46}},"line":24},"6":{"name":"(anonymous_6)","decl":{"start":{"line":34,"column":30},"end":{"line":34,"column":31}},"loc":{"start":{"line":35,"column":20},"end":{"line":40,"column":null}},"line":35},"7":{"name":"(anonymous_7)","decl":{"start":{"line":46,"column":31},"end":{"line":46,"column":32}},"loc":{"start":{"line":47,"column":20},"end":{"line":85,"column":null}},"line":47},"8":{"name":"(anonymous_8)","decl":{"start":{"line":62,"column":38},"end":{"line":62,"column":39}},"loc":{"start":{"line":62,"column":47},"end":{"line":84,"column":25}},"line":62},"9":{"name":"(anonymous_9)","decl":{"start":{"line":63,"column":60},"end":{"line":63,"column":null}},"loc":{"start":{"line":64,"column":32},"end":{"line":65,"column":null}},"line":64},"10":{"name":"(anonymous_10)","decl":{"start":{"line":71,"column":55},"end":{"line":71,"column":null}},"loc":{"start":{"line":72,"column":44},"end":{"line":79,"column":null}},"line":72}},"branchMap":{"0":{"loc":{"start":{"line":20,"column":15},"end":{"line":20,"column":null}},"type":"binary-expr","locations":[{"start":{"line":20,"column":15},"end":{"line":20,"column":63}},{"start":{"line":20,"column":63},"end":{"line":20,"column":null}}],"line":20},"1":{"loc":{"start":{"line":24,"column":15},"end":{"line":24,"column":null}},"type":"binary-expr","locations":[{"start":{"line":24,"column":15},"end":{"line":24,"column":58}},{"start":{"line":24,"column":58},"end":{"line":24,"column":null}}],"line":24},"2":{"loc":{"start":{"line":37,"column":41},"end":{"line":37,"column":128}},"type":"cond-expr","locations":[{"start":{"line":37,"column":96},"end":{"line":37,"column":113}},{"start":{"line":37,"column":113},"end":{"line":37,"column":128}}],"line":37},"3":{"loc":{"start":{"line":64,"column":32},"end":{"line":65,"column":null}},"type":"binary-expr","locations":[{"start":{"line":64,"column":32},"end":{"line":64,"column":null}},{"start":{"line":64,"column":59},"end":{"line":65,"column":null}}],"line":64},"4":{"loc":{"start":{"line":87,"column":17},"end":{"line":90,"column":null}},"type":"binary-expr","locations":[{"start":{"line":87,"column":17},"end":{"line":87,"column":null}},{"start":{"line":88,"column":20},"end":{"line":90,"column":null}}],"line":87}},"s":{"0":3,"1":3,"2":21,"3":3,"4":3,"5":3,"6":3,"7":1,"8":1,"9":3,"10":21,"11":2,"12":14,"13":7,"14":14,"15":1},"f":{"0":3,"1":21,"2":3,"3":3,"4":1,"5":1,"6":21,"7":2,"8":14,"9":7,"10":1},"b":{"0":[3,0],"1":[1,0],"2":[3,18],"3":[7,7],"4":[3,1]},"meta":{"lastBranch":5,"lastFunction":11,"lastStatement":16,"seen":{"f:15:16:15:31":0,"s:16:10:16:Infinity":0,"s:17:21:17:Infinity":1,"f:17:51:17:52":1,"s:17:55:17:82":2,"s:19:25:21:Infinity":3,"f:19:25:19:26":2,"s:20:8:20:Infinity":4,"b:20:15:20:63:20:63:20:Infinity":0,"f:20:26:20:31":3,"s:20:31:20:46":5,"s:23:24:25:Infinity":6,"f:23:24:23:25":4,"s:24:8:24:Infinity":7,"b:24:15:24:58:24:58:24:Infinity":1,"f:24:26:24:31":5,"s:24:31:24:46":8,"s:27:4:93:Infinity":9,"f:34:30:34:31":6,"s:35:20:40:Infinity":10,"b:37:96:37:113:37:113:37:128":2,"f:46:31:46:32":7,"s:47:20:85:Infinity":11,"f:62:38:62:39":8,"s:63:46:66:Infinity":12,"f:63:60:63:Infinity":9,"s:64:32:65:Infinity":13,"b:64:32:64:Infinity:64:59:65:Infinity":3,"s:68:28:82:Infinity":14,"f:71:55:71:Infinity":10,"s:72:44:79:Infinity":15,"b:87:17:87:Infinity:88:20:90:Infinity":4}}}
,"/Users/amitmac/Documents/ShiftScheduler/src/features/shifts/hooks/useShifts.ts": {"path":"/Users/amitmac/Documents/ShiftScheduler/src/features/shifts/hooks/useShifts.ts","statementMap":{"0":{"start":{"line":9,"column":28},"end":{"line":9,"column":null}},"1":{"start":{"line":10,"column":34},"end":{"line":10,"column":null}},"2":{"start":{"line":11,"column":26},"end":{"line":11,"column":null}},"3":{"start":{"line":12,"column":30},"end":{"line":12,"column":null}},"4":{"start":{"line":13,"column":26},"end":{"line":13,"column":null}},"5":{"start":{"line":15,"column":4},"end":{"line":35,"column":null}},"6":{"start":{"line":16,"column":8},"end":{"line":16,"column":null}},"7":{"start":{"line":17,"column":32},"end":{"line":17,"column":null}},"8":{"start":{"line":19,"column":14},"end":{"line":19,"column":null}},"9":{"start":{"line":19,"column":68},"end":{"line":19,"column":86}},"10":{"start":{"line":20,"column":14},"end":{"line":20,"column":null}},"11":{"start":{"line":20,"column":60},"end":{"line":20,"column":74}},"12":{"start":{"line":22,"column":14},"end":{"line":22,"column":null}},"13":{"start":{"line":23,"column":14},"end":{"line":23,"column":null}},"14":{"start":{"line":25,"column":8},"end":{"line":28,"column":null}},"15":{"start":{"line":26,"column":12},"end":{"line":26,"column":null}},"16":{"start":{"line":27,"column":12},"end":{"line":27,"column":null}},"17":{"start":{"line":30,"column":8},"end":{"line":34,"column":null}},"18":{"start":{"line":31,"column":12},"end":{"line":31,"column":null}},"19":{"start":{"line":32,"column":12},"end":{"line":32,"column":null}},"20":{"start":{"line":33,"column":12},"end":{"line":33,"column":null}},"21":{"start":{"line":37,"column":10},"end":{"line":45,"column":null}},"22":{"start":{"line":38,"column":8},"end":{"line":44,"column":null}},"23":{"start":{"line":39,"column":27},"end":{"line":39,"column":null}},"24":{"start":{"line":40,"column":12},"end":{"line":40,"column":null}},"25":{"start":{"line":42,"column":12},"end":{"line":42,"column":null}},"26":{"start":{"line":43,"column":12},"end":{"line":43,"column":null}},"27":{"start":{"line":47,"column":4},"end":{"line":47,"column":null}}},"fnMap":{"0":{"name":"useShifts","decl":{"start":{"line":8,"column":16},"end":{"line":8,"column":26}},"loc":{"start":{"line":8,"column":45},"end":{"line":48,"column":null}},"line":8},"1":{"name":"(anonymous_1)","decl":{"start":{"line":15,"column":14},"end":{"line":15,"column":20}},"loc":{"start":{"line":15,"column":20},"end":{"line":35,"column":7}},"line":15},"2":{"name":"(anonymous_2)","decl":{"start":{"line":17,"column":32},"end":{"line":17,"column":38}},"loc":{"start":{"line":17,"column":38},"end":{"line":17,"column":null}},"line":17},"3":{"name":"(anonymous_3)","decl":{"start":{"line":19,"column":58},"end":{"line":19,"column":59}},"loc":{"start":{"line":19,"column":68},"end":{"line":19,"column":86}},"line":19},"4":{"name":"(anonymous_4)","decl":{"start":{"line":20,"column":50},"end":{"line":20,"column":51}},"loc":{"start":{"line":20,"column":60},"end":{"line":20,"column":74}},"line":20},"5":{"name":"(anonymous_5)","decl":{"start":{"line":25,"column":66},"end":{"line":25,"column":67}},"loc":{"start":{"line":25,"column":76},"end":{"line":28,"column":9}},"line":25},"6":{"name":"(anonymous_6)","decl":{"start":{"line":30,"column":15},"end":{"line":30,"column":21}},"loc":{"start":{"line":30,"column":21},"end":{"line":34,"column":null}},"line":30},"7":{"name":"(anonymous_7)","decl":{"start":{"line":37,"column":33},"end":{"line":37,"column":40}},"loc":{"start":{"line":37,"column":68},"end":{"line":45,"column":7}},"line":37}},"branchMap":{},"s":{"0":4,"1":4,"2":4,"3":4,"4":4,"5":4,"6":2,"7":2,"8":2,"9":2,"10":2,"11":2,"12":2,"13":2,"14":2,"15":2,"16":2,"17":2,"18":2,"19":2,"20":2,"21":4,"22":1,"23":1,"24":1,"25":0,"26":0,"27":4},"f":{"0":4,"1":2,"2":0,"3":2,"4":2,"5":2,"6":2,"7":1},"b":{},"meta":{"lastBranch":0,"lastFunction":8,"lastStatement":28,"seen":{"f:8:16:8:26":0,"s:9:28:9:Infinity":0,"s:10:34:10:Infinity":1,"s:11:26:11:Infinity":2,"s:12:30:12:Infinity":3,"s:13:26:13:Infinity":4,"s:15:4:35:Infinity":5,"f:15:14:15:20":1,"s:16:8:16:Infinity":6,"s:17:32:17:Infinity":7,"f:17:32:17:38":2,"s:19:14:19:Infinity":8,"f:19:58:19:59":3,"s:19:68:19:86":9,"s:20:14:20:Infinity":10,"f:20:50:20:51":4,"s:20:60:20:74":11,"s:22:14:22:Infinity":12,"s:23:14:23:Infinity":13,"s:25:8:28:Infinity":14,"f:25:66:25:67":5,"s:26:12:26:Infinity":15,"s:27:12:27:Infinity":16,"s:30:8:34:Infinity":17,"f:30:15:30:21":6,"s:31:12:31:Infinity":18,"s:32:12:32:Infinity":19,"s:33:12:33:Infinity":20,"s:37:10:45:Infinity":21,"f:37:33:37:40":7,"s:38:8:44:Infinity":22,"s:39:27:39:Infinity":23,"s:40:12:40:Infinity":24,"s:42:12:42:Infinity":25,"s:43:12:43:Infinity":26,"s:47:4:47:Infinity":27}}}
}
